#
# There is insufficient memory for the Java Runtime Environment to continue.
# Native memory allocation (mmap) failed to map 1048576 bytes. Error detail: G1 virtual space
# Possible reasons:
#   The system is out of physical RAM or swap space
#   This process is running with CompressedOops enabled, and the Java Heap may be blocking the growth of the native heap
# Possible solutions:
#   Reduce memory load on the system
#   Increase physical memory or swap space
#   Check if swap backing store is full
#   Decrease Java heap size (-Xmx/-Xms)
#   Decrease number of Java threads
#   Decrease Java thread stack sizes (-Xss)
#   Set larger code cache with -XX:ReservedCodeCacheSize=
#   JVM is running with Unscaled Compressed Oops mode in which the Java heap is
#     placed in the first 4GB address space. The Java Heap base address is the
#     maximum limit for the native heap growth. Please use -XX:HeapBaseMinAddress
#     to set the Java Heap base and to place the Java Heap above 4GB virtual address.
# This output file may be truncated or incomplete.
#
#  Out of Memory Error (os_windows.cpp:3686), pid=10968, tid=21488
#
# JRE version: OpenJDK Runtime Environment Temurin-21.0.6+7 (21.0.6+7) (build 21.0.6+7-LTS)
# Java VM: OpenJDK 64-Bit Server VM Temurin-21.0.6+7 (21.0.6+7-LTS, mixed mode, emulated-client, sharing, tiered, compressed oops, compressed class ptrs, g1 gc, windows-amd64)
# No core dump will be written. Minidumps are not enabled by default on client versions of Windows
#

---------------  S U M M A R Y ------------

Command Line: -Dcom.sun.management.jmxremote -Dcom.sun.management.jmxremote.port=6205 -Dcom.sun.management.jmxremote.authenticate=false -Dcom.sun.management.jmxremote.ssl=false -Djava.rmi.server.hostname=localhost -Dspring.jmx.enabled=true -Dmanagement.endpoints.jmx.exposure.include=* -Dspring.application.admin.enabled=true -Dspring.output.ansi.enabled=always -XX:TieredStopAtLevel=1 -Dspring.boot.project.name=appointment-consultation-service -Dfile.encoding=UTF-8 -Dstdout.encoding=UTF-8 -Dstderr.encoding=UTF-8 -XX:+ShowCodeDetailsInExceptionMessages com.healthcare.appointment.AppointmentConsultationServiceApplication

Host: Intel(R) Core(TM) i5-1035G1 CPU @ 1.00GHz, 8 cores, 7G,  Windows 11 , 64 bit Build 26100 (10.0.26100.3912)
Time: Tue Jul 29 15:57:02 2025 India Standard Time elapsed time: 11890.059187 seconds (0d 3h 18m 10s)

---------------  T H R E A D  ---------------

Current thread (0x0000020ecc459700):  VMThread "VM Thread"          [id=21488, stack(0x000000f746700000,0x000000f746800000) (1024K)]

Stack: [0x000000f746700000,0x000000f746800000]
Native frames: (J=compiled Java code, j=interpreted, Vv=VM code, C=native code)
V  [jvm.dll+0x6cdee9]
V  [jvm.dll+0x8a83d1]
V  [jvm.dll+0x8aa8fe]
V  [jvm.dll+0x8aafe3]
V  [jvm.dll+0x27f706]
V  [jvm.dll+0x6ca755]
V  [jvm.dll+0x6bea3a]
V  [jvm.dll+0x355d6a]
V  [jvm.dll+0x35d936]
V  [jvm.dll+0x3af58e]
V  [jvm.dll+0x3af838]
V  [jvm.dll+0x329efc]
V  [jvm.dll+0x32c756]
V  [jvm.dll+0x336948]
V  [jvm.dll+0x36be6f]
V  [jvm.dll+0x8b0cff]
V  [jvm.dll+0x8b2084]
V  [jvm.dll+0x8b25c0]
V  [jvm.dll+0x8b2863]
V  [jvm.dll+0x851f8b]
V  [jvm.dll+0x6cc5ed]
C  [ucrtbase.dll+0x37b0]
C  [KERNEL32.DLL+0x2e8d7]
C  [ntdll.dll+0x9c5dc]

VM_Operation (0x000000f7462ffb10): G1PauseRemark, mode: safepoint, requested by thread 0x0000020ec0f81260


---------------  P R O C E S S  ---------------

Threads class SMR info:
_java_thread_list=0x0000020f12d3c360, length=47, elements={
0x0000020ecc477120, 0x0000020ecc477b70, 0x0000020ecc481840, 0x0000020ecc482290,
0x0000020ecc4843c0, 0x0000020ecc48f880, 0x0000020ecc498ff0, 0x0000020ecc4905a0,
0x0000020ecc48de40, 0x0000020ecc48e4d0, 0x0000020ecc490c30, 0x0000020ecc48d7b0,
0x0000020ecc48ff10, 0x0000020f124a2c10, 0x0000020f124a7ad0, 0x0000020f1529d740,
0x0000020f1529ca20, 0x0000020f1529d0b0, 0x0000020f1529eaf0, 0x0000020f1529ddd0,
0x0000020f1529e460, 0x0000020f152a0bc0, 0x0000020f1529b670, 0x0000020f1529f180,
0x0000020f1529bd00, 0x0000020f152a1250, 0x0000020f124a3fc0, 0x0000020f124a11d0,
0x0000020f124a4ce0, 0x0000020f124a2580, 0x0000020f124a5370, 0x0000020f124a32a0,
0x0000020f124a3930, 0x0000020f124a4650, 0x0000020f124a8160, 0x0000020f1529c390,
0x0000020f15ae2f10, 0x0000020f15ae35a0, 0x0000020f15ae14d0, 0x0000020f124a1ef0,
0x0000020ecc48eb60, 0x0000020f15ae1b60, 0x0000020f124a5a00, 0x0000020f124a6090,
0x0000020f124a6db0, 0x0000020f124a7440, 0x0000020f124a87f0
}

Java Threads: ( => current thread )
  0x0000020ecc477120 JavaThread "Reference Handler"          daemon [_thread_blocked, id=17172, stack(0x000000f746800000,0x000000f746900000) (1024K)]
  0x0000020ecc477b70 JavaThread "Finalizer"                  daemon [_thread_blocked, id=9152, stack(0x000000f746900000,0x000000f746a00000) (1024K)]
  0x0000020ecc481840 JavaThread "Signal Dispatcher"          daemon [_thread_blocked, id=21284, stack(0x000000f746a00000,0x000000f746b00000) (1024K)]
  0x0000020ecc482290 JavaThread "Attach Listener"            daemon [_thread_blocked, id=8120, stack(0x000000f746b00000,0x000000f746c00000) (1024K)]
  0x0000020ecc4843c0 JavaThread "Service Thread"             daemon [_thread_blocked, id=19608, stack(0x000000f746c00000,0x000000f746d00000) (1024K)]
  0x0000020ecc48f880 JavaThread "Monitor Deflation Thread"   daemon [_thread_blocked, id=8424, stack(0x000000f746d00000,0x000000f746e00000) (1024K)]
  0x0000020ecc498ff0 JavaThread "C1 CompilerThread0"         daemon [_thread_blocked, id=19312, stack(0x000000f746e00000,0x000000f746f00000) (1024K)]
  0x0000020ecc4905a0 JavaThread "Common-Cleaner"             daemon [_thread_blocked, id=22332, stack(0x000000f746f00000,0x000000f747000000) (1024K)]
  0x0000020ecc48de40 JavaThread "Notification Thread"        daemon [_thread_blocked, id=22308, stack(0x000000f747100000,0x000000f747200000) (1024K)]
  0x0000020ecc48e4d0 JavaThread "RMI TCP Accept-0"           daemon [_thread_in_native, id=17936, stack(0x000000f747400000,0x000000f747500000) (1024K)]
  0x0000020ecc490c30 JavaThread "RMI TCP Accept-6205"        daemon [_thread_in_native, id=19576, stack(0x000000f747500000,0x000000f747600000) (1024K)]
  0x0000020ecc48d7b0 JavaThread "RMI TCP Accept-0"           daemon [_thread_in_native, id=12364, stack(0x000000f747600000,0x000000f747700000) (1024K)]
  0x0000020ecc48ff10 JavaThread "RMI Scheduler(0)"           daemon [_thread_blocked, id=2196, stack(0x000000f747800000,0x000000f747900000) (1024K)]
  0x0000020f124a2c10 JavaThread "mysql-cj-abandoned-connection-cleanup" daemon [_thread_blocked, id=18620, stack(0x000000f748800000,0x000000f748900000) (1024K)]
  0x0000020f124a7ad0 JavaThread "Live Reload Server"         daemon [_thread_in_native, id=12504, stack(0x000000f748e00000,0x000000f748f00000) (1024K)]
  0x0000020f1529d740 JavaThread "DestroyJavaVM"                     [_thread_blocked, id=22124, stack(0x000000f746000000,0x000000f746100000) (1024K)]
  0x0000020f1529ca20 JavaThread "File Watcher"               daemon [_thread_blocked, id=16060, stack(0x000000f745d00000,0x000000f745e00000) (1024K)]
  0x0000020f1529d0b0 JavaThread "File Watcher"               daemon [_thread_blocked, id=13520, stack(0x000000f745e00000,0x000000f745f00000) (1024K)]
  0x0000020f1529eaf0 JavaThread "File Watcher"               daemon [_thread_blocked, id=21960, stack(0x000000f747300000,0x000000f747400000) (1024K)]
  0x0000020f1529ddd0 JavaThread "File Watcher"               daemon [_thread_blocked, id=19320, stack(0x000000f747900000,0x000000f747a00000) (1024K)]
  0x0000020f1529e460 JavaThread "File Watcher"               daemon [_thread_blocked, id=16464, stack(0x000000f747000000,0x000000f747100000) (1024K)]
  0x0000020f152a0bc0 JavaThread "Thread-125"                        [_thread_blocked, id=7388, stack(0x000000f747200000,0x000000f747300000) (1024K)]
  0x0000020f1529b670 JavaThread "File Watcher"               daemon [_thread_blocked, id=18172, stack(0x000000f747700000,0x000000f747800000) (1024K)]
  0x0000020f1529f180 JavaThread "File Watcher"               daemon [_thread_blocked, id=4868, stack(0x000000f748200000,0x000000f748300000) (1024K)]
  0x0000020f1529bd00 JavaThread "File Watcher"               daemon [_thread_blocked, id=18416, stack(0x000000f748300000,0x000000f748400000) (1024K)]
  0x0000020f152a1250 JavaThread "File Watcher"               daemon [_thread_blocked, id=8352, stack(0x000000f748600000,0x000000f748700000) (1024K)]
  0x0000020f124a3fc0 JavaThread "File Watcher"               daemon [_thread_blocked, id=20956, stack(0x000000f748700000,0x000000f748800000) (1024K)]
  0x0000020f124a11d0 JavaThread "File Watcher"               daemon [_thread_blocked, id=14636, stack(0x000000f748400000,0x000000f748500000) (1024K)]
  0x0000020f124a4ce0 JavaThread "File Watcher"               daemon [_thread_blocked, id=15380, stack(0x000000f745f00000,0x000000f746000000) (1024K)]
  0x0000020f124a2580 JavaThread "File Watcher"               daemon [_thread_blocked, id=18376, stack(0x000000f747a00000,0x000000f747b00000) (1024K)]
  0x0000020f124a5370 JavaThread "File Watcher"               daemon [_thread_blocked, id=17160, stack(0x000000f748b00000,0x000000f748c00000) (1024K)]
  0x0000020f124a32a0 JavaThread "File Watcher"               daemon [_thread_blocked, id=17808, stack(0x000000f748900000,0x000000f748a00000) (1024K)]
  0x0000020f124a3930 JavaThread "File Watcher"               daemon [_thread_blocked, id=16504, stack(0x000000f748c00000,0x000000f748d00000) (1024K)]
  0x0000020f124a4650 JavaThread "File Watcher"               daemon [_thread_blocked, id=18268, stack(0x000000f748a00000,0x000000f748b00000) (1024K)]
  0x0000020f124a8160 JavaThread "File Watcher"               daemon [_thread_blocked, id=8880, stack(0x000000f749000000,0x000000f749100000) (1024K)]
  0x0000020f1529c390 JavaThread "File Watcher"               daemon [_thread_blocked, id=19160, stack(0x000000f749100000,0x000000f749200000) (1024K)]
  0x0000020f15ae2f10 JavaThread "File Watcher"               daemon [_thread_blocked, id=19484, stack(0x000000f748d00000,0x000000f748e00000) (1024K)]
  0x0000020f15ae35a0 JavaThread "File Watcher"               daemon [_thread_blocked, id=8248, stack(0x000000f748f00000,0x000000f749000000) (1024K)]
  0x0000020f15ae14d0 JavaThread "File Watcher"               daemon [_thread_blocked, id=5884, stack(0x000000f749300000,0x000000f749400000) (1024K)]
  0x0000020f124a1ef0 JavaThread "File Watcher"               daemon [_thread_blocked, id=16372, stack(0x000000f749200000,0x000000f749300000) (1024K)]
  0x0000020ecc48eb60 JavaThread "File Watcher"               daemon [_thread_blocked, id=9564, stack(0x000000f749500000,0x000000f749600000) (1024K)]
  0x0000020f15ae1b60 JavaThread "File Watcher"               daemon [_thread_blocked, id=1068, stack(0x000000f749800000,0x000000f749900000) (1024K)]
  0x0000020f124a5a00 JavaThread "restartedMain"                     [_thread_blocked, id=16008, stack(0x000000f749600000,0x000000f749700000) (1024K)]
  0x0000020f124a6090 JavaThread "Catalina-utility-1"                [_thread_blocked, id=19924, stack(0x000000f749700000,0x000000f749800000) (1024K)]
  0x0000020f124a6db0 JavaThread "Catalina-utility-2"                [_thread_blocked, id=11616, stack(0x000000f749900000,0x000000f749a00000) (1024K)]
  0x0000020f124a7440 JavaThread "container-26"                      [_thread_blocked, id=11424, stack(0x000000f749a00000,0x000000f749b00000) (1024K)]
  0x0000020f124a87f0 JavaThread "HikariPool-50:housekeeper"  daemon [_thread_blocked, id=15300, stack(0x000000f749b00000,0x000000f749c00000) (1024K)]
Total: 47

Other Threads:
=>0x0000020ecc459700 VMThread "VM Thread"                           [id=21488, stack(0x000000f746700000,0x000000f746800000) (1024K)]
  0x0000020ecc44a050 WatcherThread "VM Periodic Task Thread"        [id=3060, stack(0x000000f746600000,0x000000f746700000) (1024K)]
  0x0000020ec0f6fcf0 WorkerThread "GC Thread#0"                     [id=7648, stack(0x000000f746100000,0x000000f746200000) (1024K)]
  0x0000020f124f0ce0 WorkerThread "GC Thread#1"                     [id=11860, stack(0x000000f747b00000,0x000000f747c00000) (1024K)]
  0x0000020f1252e1f0 WorkerThread "GC Thread#2"                     [id=18624, stack(0x000000f747c00000,0x000000f747d00000) (1024K)]
  0x0000020f1252e590 WorkerThread "GC Thread#3"                     [id=6920, stack(0x000000f747d00000,0x000000f747e00000) (1024K)]
  0x0000020f1252e930 WorkerThread "GC Thread#4"                     [id=3732, stack(0x000000f747e00000,0x000000f747f00000) (1024K)]
  0x0000020f1252ecd0 WorkerThread "GC Thread#5"                     [id=13932, stack(0x000000f747f00000,0x000000f748000000) (1024K)]
  0x0000020f12531080 WorkerThread "GC Thread#6"                     [id=9768, stack(0x000000f748000000,0x000000f748100000) (1024K)]
  0x0000020f12531420 WorkerThread "GC Thread#7"                     [id=5536, stack(0x000000f748100000,0x000000f748200000) (1024K)]
  0x0000020ec0f81260 ConcurrentGCThread "G1 Main Marker"            [id=11640, stack(0x000000f746200000,0x000000f746300000) (1024K)]
  0x0000020ec0f82410 WorkerThread "G1 Conc#0"                       [id=1484, stack(0x000000f746300000,0x000000f746400000) (1024K)]
  0x0000020f12cec090 WorkerThread "G1 Conc#1"                       [id=13912, stack(0x000000f748500000,0x000000f748600000) (1024K)]
  0x0000020ecc319cc0 ConcurrentGCThread "G1 Refine#0"               [id=368, stack(0x000000f746400000,0x000000f746500000) (1024K)]
  0x0000020ecc31b4f0 ConcurrentGCThread "G1 Service"                [id=376, stack(0x000000f746500000,0x000000f746600000) (1024K)]
Total: 15

Threads with active compile tasks:
Total: 0

VM state: at safepoint (normal execution)

VM Mutex/Monitor currently owned by a thread:  ([mutex/lock_event])
[0x00007ffbe2a9e380] Threads_lock - owner thread: 0x0000020ecc459700
[0x00007ffbe2a9e480] Heap_lock - owner thread: 0x0000020ec0f81260

Heap address: 0x0000000084000000, size: 1984 MB, Compressed Oops mode: 32-bit

CDS archive(s) mapped at: [0x0000020ecd000000-0x0000020ecdc80000-0x0000020ecdc80000), size 13107200, SharedBaseAddress: 0x0000020ecd000000, ArchiveRelocationMode: 1.
Compressed class space mapped at: 0x0000020ece000000-0x0000020f0e000000, reserved size: 1073741824
Narrow klass base: 0x0000020ecd000000, Narrow klass shift: 0, Narrow klass range: 0x100000000

GC Precious Log:
 CardTable entry size: 512
 Card Set container configuration: InlinePtr #cards 5 size 8 Array Of Cards #cards 12 size 40 Howl #buckets 4 coarsen threshold 1843 Howl Bitmap #cards 512 size 80 coarsen threshold 460 Card regions per heap region 1 cards per card region 2048
 CPUs: 8 total, 8 available
 Memory: 7930M
 Large Page Support: Disabled
 NUMA Support: Disabled
 Compressed Oops: Enabled (32-bit)
 Heap Region Size: 1M
 Heap Min Capacity: 8M
 Heap Initial Capacity: 124M
 Heap Max Capacity: 1984M
 Pre-touch: Disabled
 Parallel Workers: 8
 Concurrent Workers: 2
 Concurrent Refinement Workers: 8
 Periodic GC: Disabled

Heap:
 garbage-first heap   total 173056K, used 111765K [0x0000000084000000, 0x0000000100000000)
  region size 1024K, 17 young (17408K), 8 survivors (8192K)
 Metaspace       used 93800K, committed 95296K, reserved 1179648K
  class space    used 12855K, committed 13568K, reserved 1048576K

Heap Regions: E=young(eden), S=young(survivor), O=old, HS=humongous(starts), HC=humongous(continues), CS=collection set, F=free, TAMS=top-at-mark-start, PB=parsable bottom
|   0|0x0000000084000000, 0x0000000084100000, 0x0000000084100000|100%|HS|  |TAMS 0x0000000084100000| PB 0x0000000084000000| Complete 
|   1|0x0000000084100000, 0x0000000084200000, 0x0000000084200000|100%|HS|  |TAMS 0x0000000084200000| PB 0x0000000084100000| Complete 
|   2|0x0000000084200000, 0x0000000084300000, 0x0000000084300000|100%| O|  |TAMS 0x0000000084300000| PB 0x0000000084300000| Untracked 
|   3|0x0000000084300000, 0x00000000843ffff0, 0x0000000084400000| 99%| O|  |TAMS 0x00000000843ffff0| PB 0x00000000843ffff0| Untracked 
|   4|0x0000000084400000, 0x00000000844ffff0, 0x0000000084500000| 99%| O|  |TAMS 0x00000000844ffff0| PB 0x00000000844ffff0| Untracked 
|   5|0x0000000084500000, 0x00000000845ffff8, 0x0000000084600000| 99%| O|  |TAMS 0x00000000845ffff8| PB 0x00000000845ffff8| Untracked 
|   6|0x0000000084600000, 0x00000000846ffff0, 0x0000000084700000| 99%| O|  |TAMS 0x00000000846ffff0| PB 0x00000000846ffff0| Untracked 
|   7|0x0000000084700000, 0x0000000084800000, 0x0000000084800000|100%| O|  |TAMS 0x0000000084800000| PB 0x0000000084800000| Untracked 
|   8|0x0000000084800000, 0x0000000084900000, 0x0000000084900000|100%| O|  |TAMS 0x0000000084900000| PB 0x0000000084900000| Untracked 
|   9|0x0000000084900000, 0x00000000849ffff0, 0x0000000084a00000| 99%| O|  |TAMS 0x00000000849ffff0| PB 0x00000000849ffff0| Untracked 
|  10|0x0000000084a00000, 0x0000000084afffe8, 0x0000000084b00000| 99%| O|  |TAMS 0x0000000084afffe8| PB 0x0000000084afffe8| Untracked 
|  11|0x0000000084b00000, 0x0000000084bfff88, 0x0000000084c00000| 99%| O|  |TAMS 0x0000000084bfff88| PB 0x0000000084bfff88| Untracked 
|  12|0x0000000084c00000, 0x0000000084cfffe8, 0x0000000084d00000| 99%| O|  |TAMS 0x0000000084cfffe8| PB 0x0000000084cfffe8| Untracked 
|  13|0x0000000084d00000, 0x0000000084dfffe8, 0x0000000084e00000| 99%| O|  |TAMS 0x0000000084dfffe8| PB 0x0000000084dfffe8| Untracked 
|  14|0x0000000084e00000, 0x0000000084effff0, 0x0000000084f00000| 99%| O|  |TAMS 0x0000000084effff0| PB 0x0000000084effff0| Untracked 
|  15|0x0000000084f00000, 0x0000000084fff2b0, 0x0000000085000000| 99%| O|  |TAMS 0x0000000084fff2b0| PB 0x0000000084fff2b0| Untracked 
|  16|0x0000000085000000, 0x0000000085100000, 0x0000000085100000|100%| O|  |TAMS 0x0000000085100000| PB 0x0000000085100000| Untracked 
|  17|0x0000000085100000, 0x00000000851fffd8, 0x0000000085200000| 99%| O|  |TAMS 0x00000000851fffd8| PB 0x00000000851fffd8| Untracked 
|  18|0x0000000085200000, 0x0000000085300000, 0x0000000085300000|100%| O|  |TAMS 0x0000000085300000| PB 0x0000000085300000| Untracked 
|  19|0x0000000085300000, 0x0000000085400000, 0x0000000085400000|100%| O|  |TAMS 0x0000000085400000| PB 0x0000000085400000| Untracked 
|  20|0x0000000085400000, 0x00000000854ffff0, 0x0000000085500000| 99%| O|  |TAMS 0x00000000854ffff0| PB 0x00000000854ffff0| Untracked 
|  21|0x0000000085500000, 0x00000000855fffd8, 0x0000000085600000| 99%| O|  |TAMS 0x00000000855fffd8| PB 0x00000000855fffd8| Updating 
|  22|0x0000000085600000, 0x0000000085700000, 0x0000000085700000|100%| O|  |TAMS 0x0000000085700000| PB 0x0000000085700000| Untracked 
|  23|0x0000000085700000, 0x0000000085800000, 0x0000000085800000|100%| O|  |TAMS 0x0000000085800000| PB 0x0000000085800000| Updating 
|  24|0x0000000085800000, 0x0000000085900000, 0x0000000085900000|100%| O|  |TAMS 0x0000000085900000| PB 0x0000000085900000| Untracked 
|  25|0x0000000085900000, 0x0000000085a00000, 0x0000000085a00000|100%| O|  |TAMS 0x0000000085a00000| PB 0x0000000085a00000| Untracked 
|  26|0x0000000085a00000, 0x0000000085b00000, 0x0000000085b00000|100%| O|  |TAMS 0x0000000085b00000| PB 0x0000000085b00000| Untracked 
|  27|0x0000000085b00000, 0x0000000085c00000, 0x0000000085c00000|100%| O|  |TAMS 0x0000000085c00000| PB 0x0000000085c00000| Updating 
|  28|0x0000000085c00000, 0x0000000085d00000, 0x0000000085d00000|100%| O|  |TAMS 0x0000000085d00000| PB 0x0000000085d00000| Untracked 
|  29|0x0000000085d00000, 0x0000000085e00000, 0x0000000085e00000|100%| O|  |TAMS 0x0000000085e00000| PB 0x0000000085e00000| Updating 
|  30|0x0000000085e00000, 0x0000000085f00000, 0x0000000085f00000|100%| O|  |TAMS 0x0000000085f00000| PB 0x0000000085f00000| Updating 
|  31|0x0000000085f00000, 0x0000000086000000, 0x0000000086000000|100%| O|  |TAMS 0x0000000086000000| PB 0x0000000086000000| Untracked 
|  32|0x0000000086000000, 0x0000000086100000, 0x0000000086100000|100%| O|  |TAMS 0x0000000086100000| PB 0x0000000086100000| Untracked 
|  33|0x0000000086100000, 0x0000000086200000, 0x0000000086200000|100%| O|  |TAMS 0x0000000086200000| PB 0x0000000086200000| Untracked 
|  34|0x0000000086200000, 0x0000000086300000, 0x0000000086300000|100%| O|  |TAMS 0x0000000086300000| PB 0x0000000086300000| Untracked 
|  35|0x0000000086300000, 0x0000000086400000, 0x0000000086400000|100%| O|  |TAMS 0x0000000086400000| PB 0x0000000086400000| Updating 
|  36|0x0000000086400000, 0x0000000086500000, 0x0000000086500000|100%| O|  |TAMS 0x0000000086500000| PB 0x0000000086500000| Updating 
|  37|0x0000000086500000, 0x0000000086600000, 0x0000000086600000|100%| O|  |TAMS 0x0000000086600000| PB 0x0000000086600000| Untracked 
|  38|0x0000000086600000, 0x0000000086700000, 0x0000000086700000|100%| O|  |TAMS 0x0000000086700000| PB 0x0000000086700000| Untracked 
|  39|0x0000000086700000, 0x0000000086800000, 0x0000000086800000|100%| O|  |TAMS 0x0000000086800000| PB 0x0000000086800000| Untracked 
|  40|0x0000000086800000, 0x0000000086900000, 0x0000000086900000|100%| O|  |TAMS 0x0000000086900000| PB 0x0000000086900000| Untracked 
|  41|0x0000000086900000, 0x0000000086a00000, 0x0000000086a00000|100%| O|  |TAMS 0x0000000086a00000| PB 0x0000000086a00000| Untracked 
|  42|0x0000000086a00000, 0x0000000086b00000, 0x0000000086b00000|100%| O|  |TAMS 0x0000000086b00000| PB 0x0000000086b00000| Untracked 
|  43|0x0000000086b00000, 0x0000000086c00000, 0x0000000086c00000|100%| O|  |TAMS 0x0000000086c00000| PB 0x0000000086c00000| Updating 
|  44|0x0000000086c00000, 0x0000000086c00000, 0x0000000086d00000|  0%| F|  |TAMS 0x0000000086c00000| PB 0x0000000086c00000| Untracked 
|  45|0x0000000086d00000, 0x0000000086e00000, 0x0000000086e00000|100%| O|  |TAMS 0x0000000086e00000| PB 0x0000000086e00000| Untracked 
|  46|0x0000000086e00000, 0x0000000086f00000, 0x0000000086f00000|100%| O|  |TAMS 0x0000000086f00000| PB 0x0000000086f00000| Untracked 
|  47|0x0000000086f00000, 0x0000000087000000, 0x0000000087000000|100%| O|  |TAMS 0x0000000087000000| PB 0x0000000087000000| Untracked 
|  48|0x0000000087000000, 0x0000000087100000, 0x0000000087100000|100%| O|  |TAMS 0x0000000087100000| PB 0x0000000087100000| Untracked 
|  49|0x0000000087100000, 0x0000000087200000, 0x0000000087200000|100%| O|  |TAMS 0x0000000087200000| PB 0x0000000087200000| Updating 
|  50|0x0000000087200000, 0x0000000087300000, 0x0000000087300000|100%| O|  |TAMS 0x0000000087300000| PB 0x0000000087300000| Updating 
|  51|0x0000000087300000, 0x0000000087400000, 0x0000000087400000|100%| O|  |TAMS 0x0000000087400000| PB 0x0000000087400000| Updating 
|  52|0x0000000087400000, 0x0000000087500000, 0x0000000087500000|100%| O|  |TAMS 0x0000000087500000| PB 0x0000000087500000| Updating 
|  53|0x0000000087500000, 0x0000000087600000, 0x0000000087600000|100%| O|  |TAMS 0x0000000087600000| PB 0x0000000087600000| Untracked 
|  54|0x0000000087600000, 0x0000000087700000, 0x0000000087700000|100%| O|  |TAMS 0x0000000087700000| PB 0x0000000087700000| Untracked 
|  55|0x0000000087700000, 0x0000000087800000, 0x0000000087800000|100%| O|  |TAMS 0x0000000087800000| PB 0x0000000087800000| Updating 
|  56|0x0000000087800000, 0x0000000087900000, 0x0000000087900000|100%| O|  |TAMS 0x0000000087900000| PB 0x0000000087900000| Updating 
|  57|0x0000000087900000, 0x0000000087a00000, 0x0000000087a00000|100%| O|  |TAMS 0x0000000087a00000| PB 0x0000000087a00000| Untracked 
|  58|0x0000000087a00000, 0x0000000087b00000, 0x0000000087b00000|100%| O|  |TAMS 0x0000000087b00000| PB 0x0000000087b00000| Updating 
|  59|0x0000000087b00000, 0x0000000087c00000, 0x0000000087c00000|100%| O|  |TAMS 0x0000000087c00000| PB 0x0000000087c00000| Untracked 
|  60|0x0000000087c00000, 0x0000000087d00000, 0x0000000087d00000|100%| O|  |TAMS 0x0000000087d00000| PB 0x0000000087d00000| Updating 
|  61|0x0000000087d00000, 0x0000000087e00000, 0x0000000087e00000|100%| O|  |TAMS 0x0000000087e00000| PB 0x0000000087e00000| Untracked 
|  62|0x0000000087e00000, 0x0000000087f00000, 0x0000000087f00000|100%| O|  |TAMS 0x0000000087f00000| PB 0x0000000087f00000| Untracked 
|  63|0x0000000087f00000, 0x0000000088000000, 0x0000000088000000|100%| O|  |TAMS 0x0000000088000000| PB 0x0000000088000000| Updating 
|  64|0x0000000088000000, 0x0000000088100000, 0x0000000088100000|100%| O|  |TAMS 0x0000000088100000| PB 0x0000000088100000| Untracked 
|  65|0x0000000088100000, 0x0000000088200000, 0x0000000088200000|100%| O|  |TAMS 0x0000000088200000| PB 0x0000000088200000| Untracked 
|  66|0x0000000088200000, 0x0000000088300000, 0x0000000088300000|100%| O|  |TAMS 0x0000000088300000| PB 0x0000000088300000| Untracked 
|  67|0x0000000088300000, 0x0000000088400000, 0x0000000088400000|100%| O|  |TAMS 0x0000000088400000| PB 0x0000000088400000| Updating 
|  68|0x0000000088400000, 0x0000000088500000, 0x0000000088500000|100%| O|  |TAMS 0x0000000088500000| PB 0x0000000088500000| Untracked 
|  69|0x0000000088500000, 0x0000000088600000, 0x0000000088600000|100%| O|  |TAMS 0x0000000088600000| PB 0x0000000088600000| Untracked 
|  70|0x0000000088600000, 0x0000000088700000, 0x0000000088700000|100%| O|  |TAMS 0x0000000088700000| PB 0x0000000088700000| Updating 
|  71|0x0000000088700000, 0x0000000088800000, 0x0000000088800000|100%| O|  |TAMS 0x0000000088800000| PB 0x0000000088800000| Updating 
|  72|0x0000000088800000, 0x0000000088900000, 0x0000000088900000|100%| O|  |TAMS 0x0000000088900000| PB 0x0000000088900000| Untracked 
|  73|0x0000000088900000, 0x0000000088a00000, 0x0000000088a00000|100%| O|  |TAMS 0x0000000088a00000| PB 0x0000000088a00000| Untracked 
|  74|0x0000000088a00000, 0x0000000088a00000, 0x0000000088b00000|  0%| F|  |TAMS 0x0000000088a00000| PB 0x0000000088a00000| Untracked 
|  75|0x0000000088b00000, 0x0000000088c00000, 0x0000000088c00000|100%| O|  |TAMS 0x0000000088c00000| PB 0x0000000088c00000| Untracked 
|  76|0x0000000088c00000, 0x0000000088d00000, 0x0000000088d00000|100%| O|  |TAMS 0x0000000088d00000| PB 0x0000000088d00000| Untracked 
|  77|0x0000000088d00000, 0x0000000088e00000, 0x0000000088e00000|100%| O|  |TAMS 0x0000000088e00000| PB 0x0000000088e00000| Untracked 
|  78|0x0000000088e00000, 0x0000000088f00000, 0x0000000088f00000|100%| O|  |TAMS 0x0000000088f00000| PB 0x0000000088f00000| Untracked 
|  79|0x0000000088f00000, 0x0000000089000000, 0x0000000089000000|100%| O|  |TAMS 0x0000000089000000| PB 0x0000000089000000| Untracked 
|  80|0x0000000089000000, 0x0000000089100000, 0x0000000089100000|100%| O|  |TAMS 0x0000000089100000| PB 0x0000000089100000| Updating 
|  81|0x0000000089100000, 0x0000000089200000, 0x0000000089200000|100%| O|  |TAMS 0x0000000089200000| PB 0x0000000089200000| Updating 
|  82|0x0000000089200000, 0x0000000089300000, 0x0000000089300000|100%| O|  |TAMS 0x0000000089300000| PB 0x0000000089300000| Updating 
|  83|0x0000000089300000, 0x0000000089400000, 0x0000000089400000|100%| O|  |TAMS 0x0000000089400000| PB 0x0000000089400000| Updating 
|  84|0x0000000089400000, 0x0000000089500000, 0x0000000089500000|100%| O|  |TAMS 0x0000000089500000| PB 0x0000000089500000| Updating 
|  85|0x0000000089500000, 0x0000000089600000, 0x0000000089600000|100%| O|  |TAMS 0x0000000089600000| PB 0x0000000089600000| Updating 
|  86|0x0000000089600000, 0x0000000089700000, 0x0000000089700000|100%| O|  |TAMS 0x0000000089700000| PB 0x0000000089700000| Updating 
|  87|0x0000000089700000, 0x0000000089800000, 0x0000000089800000|100%| O|  |TAMS 0x0000000089800000| PB 0x0000000089800000| Updating 
|  88|0x0000000089800000, 0x0000000089900000, 0x0000000089900000|100%| O|  |TAMS 0x0000000089900000| PB 0x0000000089900000| Updating 
|  89|0x0000000089900000, 0x0000000089900000, 0x0000000089a00000|  0%| F|  |TAMS 0x0000000089900000| PB 0x0000000089900000| Untracked 
|  90|0x0000000089a00000, 0x0000000089b00000, 0x0000000089b00000|100%| O|  |TAMS 0x0000000089b00000| PB 0x0000000089b00000| Updating 
|  91|0x0000000089b00000, 0x0000000089c00000, 0x0000000089c00000|100%| S|CS|TAMS 0x0000000089b00000| PB 0x0000000089b00000| Complete 
|  92|0x0000000089c00000, 0x0000000089c26500, 0x0000000089d00000| 14%| O|  |TAMS 0x0000000089c1b700| PB 0x0000000089c1b700| Updating 
|  93|0x0000000089d00000, 0x0000000089e00000, 0x0000000089e00000|100%| S|CS|TAMS 0x0000000089d00000| PB 0x0000000089d00000| Complete 
|  94|0x0000000089e00000, 0x0000000089f00000, 0x0000000089f00000|100%| O|  |TAMS 0x0000000089f00000| PB 0x0000000089f00000| Untracked 
|  95|0x0000000089f00000, 0x000000008a000000, 0x000000008a000000|100%| O|  |TAMS 0x000000008a000000| PB 0x000000008a000000| Untracked 
|  96|0x000000008a000000, 0x000000008a100000, 0x000000008a100000|100%| O|  |TAMS 0x000000008a100000| PB 0x000000008a100000| Untracked 
|  97|0x000000008a100000, 0x000000008a200000, 0x000000008a200000|100%| S|CS|TAMS 0x000000008a100000| PB 0x000000008a100000| Complete 
|  98|0x000000008a200000, 0x000000008a300000, 0x000000008a300000|100%| S|CS|TAMS 0x000000008a200000| PB 0x000000008a200000| Complete 
|  99|0x000000008a300000, 0x000000008a400000, 0x000000008a400000|100%| O|  |TAMS 0x000000008a400000| PB 0x000000008a400000| Untracked 
| 100|0x000000008a400000, 0x000000008a500000, 0x000000008a500000|100%| O|  |TAMS 0x000000008a500000| PB 0x000000008a500000| Updating 
| 101|0x000000008a500000, 0x000000008a600000, 0x000000008a600000|100%| S|CS|TAMS 0x000000008a500000| PB 0x000000008a500000| Complete 
| 102|0x000000008a600000, 0x000000008a700000, 0x000000008a700000|100%| S|CS|TAMS 0x000000008a600000| PB 0x000000008a600000| Complete 
| 103|0x000000008a700000, 0x000000008a800000, 0x000000008a800000|100%| S|CS|TAMS 0x000000008a700000| PB 0x000000008a700000| Complete 
| 104|0x000000008a800000, 0x000000008a900000, 0x000000008a900000|100%| S|CS|TAMS 0x000000008a800000| PB 0x000000008a800000| Complete 
| 105|0x000000008a900000, 0x000000008a900000, 0x000000008aa00000|  0%| F|  |TAMS 0x000000008a900000| PB 0x000000008a900000| Untracked 
| 106|0x000000008aa00000, 0x000000008aa00000, 0x000000008ab00000|  0%| F|  |TAMS 0x000000008aa00000| PB 0x000000008aa00000| Untracked 
| 107|0x000000008ab00000, 0x000000008ab00000, 0x000000008ac00000|  0%| F|  |TAMS 0x000000008ab00000| PB 0x000000008ab00000| Untracked 
| 108|0x000000008ac00000, 0x000000008ac00000, 0x000000008ad00000|  0%| F|  |TAMS 0x000000008ac00000| PB 0x000000008ac00000| Untracked 
| 109|0x000000008ad00000, 0x000000008ad00000, 0x000000008ae00000|  0%| F|  |TAMS 0x000000008ad00000| PB 0x000000008ad00000| Untracked 
| 110|0x000000008ae00000, 0x000000008ae00000, 0x000000008af00000|  0%| F|  |TAMS 0x000000008ae00000| PB 0x000000008ae00000| Untracked 
| 111|0x000000008af00000, 0x000000008af00000, 0x000000008b000000|  0%| F|  |TAMS 0x000000008af00000| PB 0x000000008af00000| Untracked 
| 112|0x000000008b000000, 0x000000008b000000, 0x000000008b100000|  0%| F|  |TAMS 0x000000008b000000| PB 0x000000008b000000| Untracked 
| 113|0x000000008b100000, 0x000000008b100000, 0x000000008b200000|  0%| F|  |TAMS 0x000000008b100000| PB 0x000000008b100000| Untracked 
| 114|0x000000008b200000, 0x000000008b200000, 0x000000008b300000|  0%| F|  |TAMS 0x000000008b200000| PB 0x000000008b200000| Untracked 
| 115|0x000000008b300000, 0x000000008b300000, 0x000000008b400000|  0%| F|  |TAMS 0x000000008b300000| PB 0x000000008b300000| Untracked 
| 116|0x000000008b400000, 0x000000008b400000, 0x000000008b500000|  0%| F|  |TAMS 0x000000008b400000| PB 0x000000008b400000| Untracked 
| 117|0x000000008b500000, 0x000000008b500000, 0x000000008b600000|  0%| F|  |TAMS 0x000000008b500000| PB 0x000000008b500000| Untracked 
| 118|0x000000008b600000, 0x000000008b600000, 0x000000008b700000|  0%| F|  |TAMS 0x000000008b600000| PB 0x000000008b600000| Untracked 
| 119|0x000000008b700000, 0x000000008b700000, 0x000000008b800000|  0%| F|  |TAMS 0x000000008b700000| PB 0x000000008b700000| Untracked 
| 120|0x000000008b800000, 0x000000008b800000, 0x000000008b900000|  0%| F|  |TAMS 0x000000008b800000| PB 0x000000008b800000| Untracked 
| 121|0x000000008b900000, 0x000000008b900000, 0x000000008ba00000|  0%| F|  |TAMS 0x000000008b900000| PB 0x000000008b900000| Untracked 
| 122|0x000000008ba00000, 0x000000008ba00000, 0x000000008bb00000|  0%| F|  |TAMS 0x000000008ba00000| PB 0x000000008ba00000| Untracked 
| 123|0x000000008bb00000, 0x000000008bb00000, 0x000000008bc00000|  0%| F|  |TAMS 0x000000008bb00000| PB 0x000000008bb00000| Untracked 
| 124|0x000000008bc00000, 0x000000008bc00000, 0x000000008bd00000|  0%| F|  |TAMS 0x000000008bc00000| PB 0x000000008bc00000| Untracked 
| 125|0x000000008bd00000, 0x000000008bd00000, 0x000000008be00000|  0%| F|  |TAMS 0x000000008bd00000| PB 0x000000008bd00000| Untracked 
| 126|0x000000008be00000, 0x000000008be00000, 0x000000008bf00000|  0%| F|  |TAMS 0x000000008be00000| PB 0x000000008be00000| Untracked 
| 127|0x000000008bf00000, 0x000000008bf00000, 0x000000008c000000|  0%| F|  |TAMS 0x000000008bf00000| PB 0x000000008bf00000| Untracked 
| 128|0x000000008c000000, 0x000000008c000000, 0x000000008c100000|  0%| F|  |TAMS 0x000000008c000000| PB 0x000000008c000000| Untracked 
| 129|0x000000008c100000, 0x000000008c100000, 0x000000008c200000|  0%| F|  |TAMS 0x000000008c100000| PB 0x000000008c100000| Untracked 
| 130|0x000000008c200000, 0x000000008c200000, 0x000000008c300000|  0%| F|  |TAMS 0x000000008c200000| PB 0x000000008c200000| Untracked 
| 131|0x000000008c300000, 0x000000008c300000, 0x000000008c400000|  0%| F|  |TAMS 0x000000008c300000| PB 0x000000008c300000| Untracked 
| 132|0x000000008c400000, 0x000000008c400000, 0x000000008c500000|  0%| F|  |TAMS 0x000000008c400000| PB 0x000000008c400000| Untracked 
| 133|0x000000008c500000, 0x000000008c500000, 0x000000008c600000|  0%| F|  |TAMS 0x000000008c500000| PB 0x000000008c500000| Untracked 
| 134|0x000000008c600000, 0x000000008c600000, 0x000000008c700000|  0%| F|  |TAMS 0x000000008c600000| PB 0x000000008c600000| Untracked 
| 135|0x000000008c700000, 0x000000008c700000, 0x000000008c800000|  0%| F|  |TAMS 0x000000008c700000| PB 0x000000008c700000| Untracked 
| 136|0x000000008c800000, 0x000000008c800000, 0x000000008c900000|  0%| F|  |TAMS 0x000000008c800000| PB 0x000000008c800000| Untracked 
| 137|0x000000008c900000, 0x000000008c900000, 0x000000008ca00000|  0%| F|  |TAMS 0x000000008c900000| PB 0x000000008c900000| Untracked 
| 138|0x000000008ca00000, 0x000000008ca00000, 0x000000008cb00000|  0%| F|  |TAMS 0x000000008ca00000| PB 0x000000008ca00000| Untracked 
| 139|0x000000008cb00000, 0x000000008cb00000, 0x000000008cc00000|  0%| F|  |TAMS 0x000000008cb00000| PB 0x000000008cb00000| Untracked 
| 140|0x000000008cc00000, 0x000000008cc00000, 0x000000008cd00000|  0%| F|  |TAMS 0x000000008cc00000| PB 0x000000008cc00000| Untracked 
| 141|0x000000008cd00000, 0x000000008cd00000, 0x000000008ce00000|  0%| F|  |TAMS 0x000000008cd00000| PB 0x000000008cd00000| Untracked 
| 142|0x000000008ce00000, 0x000000008ce00000, 0x000000008cf00000|  0%| F|  |TAMS 0x000000008ce00000| PB 0x000000008ce00000| Untracked 
| 143|0x000000008cf00000, 0x000000008cf00000, 0x000000008d000000|  0%| F|  |TAMS 0x000000008cf00000| PB 0x000000008cf00000| Untracked 
| 144|0x000000008d000000, 0x000000008d000000, 0x000000008d100000|  0%| F|  |TAMS 0x000000008d000000| PB 0x000000008d000000| Untracked 
| 145|0x000000008d100000, 0x000000008d100000, 0x000000008d200000|  0%| F|  |TAMS 0x000000008d100000| PB 0x000000008d100000| Untracked 
| 146|0x000000008d200000, 0x000000008d200000, 0x000000008d300000|  0%| F|  |TAMS 0x000000008d200000| PB 0x000000008d200000| Untracked 
| 147|0x000000008d300000, 0x000000008d300000, 0x000000008d400000|  0%| F|  |TAMS 0x000000008d300000| PB 0x000000008d300000| Untracked 
| 148|0x000000008d400000, 0x000000008d400000, 0x000000008d500000|  0%| F|  |TAMS 0x000000008d400000| PB 0x000000008d400000| Untracked 
| 149|0x000000008d500000, 0x000000008d500000, 0x000000008d600000|  0%| F|  |TAMS 0x000000008d500000| PB 0x000000008d500000| Untracked 
| 150|0x000000008d600000, 0x000000008d600000, 0x000000008d700000|  0%| F|  |TAMS 0x000000008d600000| PB 0x000000008d600000| Untracked 
| 151|0x000000008d700000, 0x000000008d700000, 0x000000008d800000|  0%| F|  |TAMS 0x000000008d700000| PB 0x000000008d700000| Untracked 
| 152|0x000000008d800000, 0x000000008d800000, 0x000000008d900000|  0%| F|  |TAMS 0x000000008d800000| PB 0x000000008d800000| Untracked 
| 153|0x000000008d900000, 0x000000008d900000, 0x000000008da00000|  0%| F|  |TAMS 0x000000008d900000| PB 0x000000008d900000| Untracked 
| 154|0x000000008da00000, 0x000000008da00000, 0x000000008db00000|  0%| F|  |TAMS 0x000000008da00000| PB 0x000000008da00000| Untracked 
| 155|0x000000008db00000, 0x000000008db00000, 0x000000008dc00000|  0%| F|  |TAMS 0x000000008db00000| PB 0x000000008db00000| Untracked 
| 156|0x000000008dc00000, 0x000000008dc00000, 0x000000008dd00000|  0%| F|  |TAMS 0x000000008dc00000| PB 0x000000008dc00000| Untracked 
| 157|0x000000008dd00000, 0x000000008dd00000, 0x000000008de00000|  0%| F|  |TAMS 0x000000008dd00000| PB 0x000000008dd00000| Untracked 
| 158|0x000000008de00000, 0x000000008de00000, 0x000000008df00000|  0%| F|  |TAMS 0x000000008de00000| PB 0x000000008de00000| Untracked 
| 159|0x000000008df00000, 0x000000008df00000, 0x000000008e000000|  0%| F|  |TAMS 0x000000008df00000| PB 0x000000008df00000| Untracked 
| 160|0x000000008e000000, 0x000000008e080000, 0x000000008e100000| 50%| E|  |TAMS 0x000000008e000000| PB 0x000000008e000000| Complete 
| 161|0x000000008e100000, 0x000000008e200000, 0x000000008e200000|100%| E|CS|TAMS 0x000000008e100000| PB 0x000000008e100000| Complete 
| 162|0x000000008e200000, 0x000000008e300000, 0x000000008e300000|100%| E|CS|TAMS 0x000000008e200000| PB 0x000000008e200000| Complete 
| 163|0x000000008e300000, 0x000000008e400000, 0x000000008e400000|100%| E|CS|TAMS 0x000000008e300000| PB 0x000000008e300000| Complete 
|1979|0x00000000ffb00000, 0x00000000ffc00000, 0x00000000ffc00000|100%| E|CS|TAMS 0x00000000ffb00000| PB 0x00000000ffb00000| Complete 
|1980|0x00000000ffc00000, 0x00000000ffd00000, 0x00000000ffd00000|100%| E|CS|TAMS 0x00000000ffc00000| PB 0x00000000ffc00000| Complete 
|1981|0x00000000ffd00000, 0x00000000ffe00000, 0x00000000ffe00000|100%| E|CS|TAMS 0x00000000ffd00000| PB 0x00000000ffd00000| Complete 
|1982|0x00000000ffe00000, 0x00000000fff00000, 0x00000000fff00000|100%| E|CS|TAMS 0x00000000ffe00000| PB 0x00000000ffe00000| Complete 
|1983|0x00000000fff00000, 0x0000000100000000, 0x0000000100000000|100%| E|CS|TAMS 0x00000000fff00000| PB 0x00000000fff00000| Complete 

Card table byte_map: [0x0000020ec7d90000,0x0000020ec8170000] _byte_map_base: 0x0000020ec7970000

Marking Bits: (CMBitMap*) 0x0000020ec0f70300
 Bits: [0x0000020ec8170000, 0x0000020eca070000)

Polling page: 0x0000020ebecc0000

Metaspace:

Usage:
  Non-class:     79.05 MB used.
      Class:     12.55 MB used.
       Both:     91.60 MB used.

Virtual space:
  Non-class space:      128.00 MB reserved,      79.81 MB ( 62%) committed,  2 nodes.
      Class space:        1.00 GB reserved,      13.25 MB (  1%) committed,  1 nodes.
             Both:        1.12 GB reserved,      93.06 MB (  8%) committed. 

Chunk freelists:
   Non-Class:  96.00 KB
       Class:  2.75 MB
        Both:  2.84 MB

MaxMetaspaceSize: unlimited
CompressedClassSpaceSize: 1.00 GB
Initial GC threshold: 21.00 MB
Current GC threshold: 154.69 MB
CDS: on
 - commit_granule_bytes: 65536.
 - commit_granule_words: 8192.
 - virtual_space_node_default_size: 8388608.
 - enlarge_chunks_in_place: 1.
 - use_allocation_guard: 0.


Internal statistics:

num_allocs_failed_limit: 9.
num_arena_births: 6474.
num_arena_deaths: 4690.
num_vsnodes_births: 3.
num_vsnodes_deaths: 0.
num_space_committed: 1597.
num_space_uncommitted: 78.
num_chunks_returned_to_freelist: 8596.
num_chunks_taken_from_freelist: 15184.
num_chunk_merges: 1302.
num_chunk_splits: 5874.
num_chunks_enlarged: 3540.
num_inconsistent_stats: 0.

CodeCache: size=49152Kb used=24829Kb max_used=26489Kb free=24322Kb
 bounds [0x0000020ec48a0000, 0x0000020ec62c0000, 0x0000020ec78a0000]
 total_blobs=12490 nmethods=11729 adapters=683
 compilation: enabled
              stopped_count=0, restarted_count=0
 full_count=0

Compilation events (20 events):
Event: 11887.930 Thread 0x0000020ecc498ff0 22278       1       sun.security.util.DerValue::data (29 bytes)
Event: 11887.930 Thread 0x0000020ecc498ff0 nmethod 22278 0x0000020ec58a7690 code [0x0000020ec58a7840, 0x0000020ec58a79b0]
Event: 11887.930 Thread 0x0000020ecc498ff0 22279       1       sun.security.util.DerInputStream::getDerValue (76 bytes)
Event: 11887.930 Thread 0x0000020ecc498ff0 nmethod 22279 0x0000020ec5d1d790 code [0x0000020ec5d1d940, 0x0000020ec5d1db08]
Event: 11887.972 Thread 0x0000020ecc498ff0 22280       1       net.bytebuddy.description.type.TypeList$Generic$ForLoadedTypes::<init> (9 bytes)
Event: 11887.972 Thread 0x0000020ecc498ff0 nmethod 22280 0x0000020ec5de2e90 code [0x0000020ec5de3040, 0x0000020ec5de32e0]
Event: 11888.004 Thread 0x0000020ecc498ff0 22281       1       org.hibernate.sql.ast.spi.SqlAliasBaseManager::<init> (16 bytes)
Event: 11888.004 Thread 0x0000020ecc498ff0 nmethod 22281 0x0000020ec57ce310 code [0x0000020ec57ce4a0, 0x0000020ec57ce620]
Event: 11888.004 Thread 0x0000020ecc498ff0 22282       1       org.hibernate.sql.results.jdbc.internal.StandardJdbcValuesMapping::<init> (204 bytes)
Event: 11888.005 Thread 0x0000020ecc498ff0 nmethod 22282 0x0000020ec5f52710 code [0x0000020ec5f52960, 0x0000020ec5f53060]
Event: 11888.005 Thread 0x0000020ecc498ff0 22283       1       org.hibernate.sql.exec.spi.JdbcParametersList::newBuilder (9 bytes)
Event: 11888.005 Thread 0x0000020ecc498ff0 nmethod 22283 0x0000020ec5eeaa90 code [0x0000020ec5eeac20, 0x0000020ec5eeae08]
Event: 11888.005 Thread 0x0000020ecc498ff0 22284       1       org.hibernate.sql.exec.spi.JdbcParametersList$Builder::<init> (18 bytes)
Event: 11888.005 Thread 0x0000020ecc498ff0 nmethod 22284 0x0000020ec58c1890 code [0x0000020ec58c1a20, 0x0000020ec58c1bd0]
Event: 11888.005 Thread 0x0000020ecc498ff0 22285       1       org.hibernate.sql.ast.tree.select.QueryPart::<init> (17 bytes)
Event: 11888.005 Thread 0x0000020ecc498ff0 nmethod 22285 0x0000020ec57de610 code [0x0000020ec57de7a0, 0x0000020ec57de8d0]
Event: 11888.005 Thread 0x0000020ecc498ff0 22286       1       org.hibernate.sql.ast.tree.select.SelectClause::<init> (16 bytes)
Event: 11888.005 Thread 0x0000020ecc498ff0 nmethod 22286 0x0000020ec5976210 code [0x0000020ec59763c0, 0x0000020ec5976590]
Event: 11888.005 Thread 0x0000020ecc498ff0 22287       1       org.hibernate.sql.ast.spi.SimpleFromClauseAccessImpl::<init> (21 bytes)
Event: 11888.005 Thread 0x0000020ecc498ff0 nmethod 22287 0x0000020ec5a24310 code [0x0000020ec5a244c0, 0x0000020ec5a24690]

GC Heap History (20 events):
Event: 11710.459 GC heap before
{Heap before GC invocations=296 (full 27):
 garbage-first heap   total 163840K, used 152386K [0x0000000084000000, 0x0000000100000000)
  region size 1024K, 55 young (56320K), 3 survivors (3072K)
 Metaspace       used 92955K, committed 94464K, reserved 1179648K
  class space    used 12757K, committed 13504K, reserved 1048576K
}
Event: 11710.463 GC heap after
{Heap after GC invocations=297 (full 27):
 garbage-first heap   total 163840K, used 98982K [0x0000000084000000, 0x0000000100000000)
  region size 1024K, 3 young (3072K), 3 survivors (3072K)
 Metaspace       used 92955K, committed 94464K, reserved 1179648K
  class space    used 12757K, committed 13504K, reserved 1048576K
}
Event: 11720.625 GC heap before
{Heap before GC invocations=298 (full 27):
 garbage-first heap   total 165888K, used 150182K [0x0000000084000000, 0x0000000100000000)
  region size 1024K, 54 young (55296K), 3 survivors (3072K)
 Metaspace       used 93101K, committed 94592K, reserved 1179648K
  class space    used 12779K, committed 13504K, reserved 1048576K
}
Event: 11720.631 GC heap after
{Heap after GC invocations=299 (full 27):
 garbage-first heap   total 165888K, used 102251K [0x0000000084000000, 0x0000000100000000)
  region size 1024K, 6 young (6144K), 6 survivors (6144K)
 Metaspace       used 93101K, committed 94592K, reserved 1179648K
  class space    used 12779K, committed 13504K, reserved 1048576K
}
Event: 11721.447 GC heap before
{Heap before GC invocations=299 (full 27):
 garbage-first heap   total 165888K, used 149355K [0x0000000084000000, 0x0000000100000000)
  region size 1024K, 53 young (54272K), 6 survivors (6144K)
 Metaspace       used 93416K, committed 94912K, reserved 1179648K
  class space    used 12805K, committed 13568K, reserved 1048576K
}
Event: 11721.454 GC heap after
{Heap after GC invocations=300 (full 27):
 garbage-first heap   total 165888K, used 103680K [0x0000000084000000, 0x0000000100000000)
  region size 1024K, 7 young (7168K), 7 survivors (7168K)
 Metaspace       used 93416K, committed 94912K, reserved 1179648K
  class space    used 12805K, committed 13568K, reserved 1048576K
}
Event: 11736.892 GC heap before
{Heap before GC invocations=300 (full 27):
 garbage-first heap   total 165888K, used 147712K [0x0000000084000000, 0x0000000100000000)
  region size 1024K, 51 young (52224K), 7 survivors (7168K)
 Metaspace       used 93533K, committed 95040K, reserved 1179648K
  class space    used 12815K, committed 13568K, reserved 1048576K
}
Event: 11736.897 GC heap after
{Heap after GC invocations=301 (full 27):
 garbage-first heap   total 165888K, used 103221K [0x0000000084000000, 0x0000000100000000)
  region size 1024K, 3 young (3072K), 3 survivors (3072K)
 Metaspace       used 93533K, committed 95040K, reserved 1179648K
  class space    used 12815K, committed 13568K, reserved 1048576K
}
Event: 11762.727 GC heap before
{Heap before GC invocations=302 (full 27):
 garbage-first heap   total 173056K, used 153397K [0x0000000084000000, 0x0000000100000000)
  region size 1024K, 52 young (53248K), 3 survivors (3072K)
 Metaspace       used 93436K, committed 95040K, reserved 1179648K
  class space    used 12790K, committed 13568K, reserved 1048576K
}
Event: 11762.731 GC heap after
{Heap after GC invocations=303 (full 27):
 garbage-first heap   total 173056K, used 102910K [0x0000000084000000, 0x0000000100000000)
  region size 1024K, 3 young (3072K), 3 survivors (3072K)
 Metaspace       used 93436K, committed 95040K, reserved 1179648K
  class space    used 12790K, committed 13568K, reserved 1048576K
}
Event: 11792.210 GC heap before
{Heap before GC invocations=303 (full 27):
 garbage-first heap   total 173056K, used 160254K [0x0000000084000000, 0x0000000100000000)
  region size 1024K, 59 young (60416K), 3 survivors (3072K)
 Metaspace       used 93436K, committed 95040K, reserved 1179648K
  class space    used 12790K, committed 13568K, reserved 1048576K
}
Event: 11792.214 GC heap after
{Heap after GC invocations=304 (full 27):
 garbage-first heap   total 173056K, used 100576K [0x0000000084000000, 0x0000000100000000)
  region size 1024K, 3 young (3072K), 3 survivors (3072K)
 Metaspace       used 93436K, committed 95040K, reserved 1179648K
  class space    used 12790K, committed 13568K, reserved 1048576K
}
Event: 11823.039 GC heap before
{Heap before GC invocations=304 (full 27):
 garbage-first heap   total 173056K, used 159968K [0x0000000084000000, 0x0000000100000000)
  region size 1024K, 61 young (62464K), 3 survivors (3072K)
 Metaspace       used 93436K, committed 95040K, reserved 1179648K
  class space    used 12790K, committed 13568K, reserved 1048576K
}
Event: 11823.042 GC heap after
{Heap after GC invocations=305 (full 27):
 garbage-first heap   total 173056K, used 99609K [0x0000000084000000, 0x0000000100000000)
  region size 1024K, 2 young (2048K), 2 survivors (2048K)
 Metaspace       used 93436K, committed 95040K, reserved 1179648K
  class space    used 12790K, committed 13568K, reserved 1048576K
}
Event: 11854.599 GC heap before
{Heap before GC invocations=306 (full 27):
 garbage-first heap   total 173056K, used 161049K [0x0000000084000000, 0x0000000100000000)
  region size 1024K, 62 young (63488K), 2 survivors (2048K)
 Metaspace       used 93397K, committed 95040K, reserved 1179648K
  class space    used 12779K, committed 13568K, reserved 1048576K
}
Event: 11854.602 GC heap after
{Heap after GC invocations=307 (full 27):
 garbage-first heap   total 173056K, used 99536K [0x0000000084000000, 0x0000000100000000)
  region size 1024K, 2 young (2048K), 2 survivors (2048K)
 Metaspace       used 93397K, committed 95040K, reserved 1179648K
  class space    used 12779K, committed 13568K, reserved 1048576K
}
Event: 11886.078 GC heap before
{Heap before GC invocations=307 (full 27):
 garbage-first heap   total 173056K, used 160976K [0x0000000084000000, 0x0000000100000000)
  region size 1024K, 62 young (63488K), 2 survivors (2048K)
 Metaspace       used 93397K, committed 95040K, reserved 1179648K
  class space    used 12779K, committed 13568K, reserved 1048576K
}
Event: 11886.096 GC heap after
{Heap after GC invocations=308 (full 27):
 garbage-first heap   total 173056K, used 96997K [0x0000000084000000, 0x0000000100000000)
  region size 1024K, 2 young (2048K), 2 survivors (2048K)
 Metaspace       used 93397K, committed 95040K, reserved 1179648K
  class space    used 12779K, committed 13568K, reserved 1048576K
}
Event: 11887.950 GC heap before
{Heap before GC invocations=308 (full 27):
 garbage-first heap   total 173056K, used 159461K [0x0000000084000000, 0x0000000100000000)
  region size 1024K, 64 young (65536K), 2 survivors (2048K)
 Metaspace       used 93743K, committed 95232K, reserved 1179648K
  class space    used 12846K, committed 13568K, reserved 1048576K
}
Event: 11887.955 GC heap after
{Heap after GC invocations=309 (full 27):
 garbage-first heap   total 173056K, used 103573K [0x0000000084000000, 0x0000000100000000)
  region size 1024K, 8 young (8192K), 8 survivors (8192K)
 Metaspace       used 93743K, committed 95232K, reserved 1179648K
  class space    used 12846K, committed 13568K, reserved 1048576K
}

Dll operation events (11 events):
Event: 0.008 Loaded shared library S:\adv_java\javaSoftwares\sts-4.30.0.RELEASE\plugins\org.eclipse.justj.openjdk.hotspot.jre.full.win32.x86_64_21.0.6.v20250130-0529\jre\bin\java.dll
Event: 0.038 Loaded shared library S:\adv_java\javaSoftwares\sts-4.30.0.RELEASE\plugins\org.eclipse.justj.openjdk.hotspot.jre.full.win32.x86_64_21.0.6.v20250130-0529\jre\bin\zip.dll
Event: 0.136 Loaded shared library S:\adv_java\javaSoftwares\sts-4.30.0.RELEASE\plugins\org.eclipse.justj.openjdk.hotspot.jre.full.win32.x86_64_21.0.6.v20250130-0529\jre\bin\jimage.dll
Event: 0.142 Loaded shared library S:\adv_java\javaSoftwares\sts-4.30.0.RELEASE\plugins\org.eclipse.justj.openjdk.hotspot.jre.full.win32.x86_64_21.0.6.v20250130-0529\jre\bin\net.dll
Event: 0.144 Loaded shared library S:\adv_java\javaSoftwares\sts-4.30.0.RELEASE\plugins\org.eclipse.justj.openjdk.hotspot.jre.full.win32.x86_64_21.0.6.v20250130-0529\jre\bin\nio.dll
Event: 0.148 Loaded shared library S:\adv_java\javaSoftwares\sts-4.30.0.RELEASE\plugins\org.eclipse.justj.openjdk.hotspot.jre.full.win32.x86_64_21.0.6.v20250130-0529\jre\bin\zip.dll
Event: 0.216 Loaded shared library S:\adv_java\javaSoftwares\sts-4.30.0.RELEASE\plugins\org.eclipse.justj.openjdk.hotspot.jre.full.win32.x86_64_21.0.6.v20250130-0529\jre\bin\management.dll
Event: 0.227 Loaded shared library S:\adv_java\javaSoftwares\sts-4.30.0.RELEASE\plugins\org.eclipse.justj.openjdk.hotspot.jre.full.win32.x86_64_21.0.6.v20250130-0529\jre\bin\management_ext.dll
Event: 0.437 Loaded shared library S:\adv_java\javaSoftwares\sts-4.30.0.RELEASE\plugins\org.eclipse.justj.openjdk.hotspot.jre.full.win32.x86_64_21.0.6.v20250130-0529\jre\bin\extnet.dll
Event: 1.444 Loaded shared library S:\adv_java\javaSoftwares\sts-4.30.0.RELEASE\plugins\org.eclipse.justj.openjdk.hotspot.jre.full.win32.x86_64_21.0.6.v20250130-0529\jre\bin\sunmscapi.dll
Event: 2.975 Loaded shared library S:\adv_java\javaSoftwares\sts-4.30.0.RELEASE\plugins\org.eclipse.justj.openjdk.hotspot.jre.full.win32.x86_64_21.0.6.v20250130-0529\jre\bin\verify.dll

Deoptimization events (2 events):
Event: 914.319 Thread 0x0000020f152a2600 DEOPT PACKING pc=0x0000020ec573404a sp=0x000000f748bfab90
Event: 914.319 Thread 0x0000020f152a2600 DEOPT UNPACKING pc=0x0000020ec48f88e2 sp=0x000000f748bf9ff8 mode 0

Classes loaded (20 events):
Event: 6248.411 Loading class java/time/DurationEditor
Event: 6248.411 Loading class java/time/DurationEditor done
Event: 6316.378 Loading class java/time/DurationEditor
Event: 6316.378 Loading class java/time/DurationEditor done
Event: 6358.874 Loading class java/nio/file/FileAlreadyExistsException
Event: 6358.875 Loading class java/nio/file/FileAlreadyExistsException done
Event: 6812.277 Loading class java/time/DurationEditor
Event: 6812.277 Loading class java/time/DurationEditor done
Event: 6933.434 Loading class java/time/DurationEditor
Event: 6933.434 Loading class java/time/DurationEditor done
Event: 7137.404 Loading class java/time/DurationEditor
Event: 7137.404 Loading class java/time/DurationEditor done
Event: 7166.612 Loading class java/nio/file/Path$1
Event: 7166.612 Loading class java/nio/file/Path$1 done
Event: 7416.049 Loading class java/time/DurationEditor
Event: 7416.049 Loading class java/time/DurationEditor done
Event: 7481.143 Loading class java/time/DurationEditor
Event: 7481.143 Loading class java/time/DurationEditor done
Event: 10022.649 Loading class java/lang/Throwable$WrappedPrintStream
Event: 10022.652 Loading class java/lang/Throwable$WrappedPrintStream done

Classes unloaded (20 events):
Event: 11823.114 Thread 0x0000020ecc459700 Unloading class 0x0000020eced2a000 'java/lang/invoke/LambdaForm$DMH+0x0000020eced2a000'
Event: 11823.114 Thread 0x0000020ecc459700 Unloading class 0x0000020eced16000 'java/lang/invoke/LambdaForm$DMH+0x0000020eced16000'
Event: 11823.114 Thread 0x0000020ecc459700 Unloading class 0x0000020eced10000 'java/lang/invoke/LambdaForm$MH+0x0000020eced10000'
Event: 11823.114 Thread 0x0000020ecc459700 Unloading class 0x0000020eced00400 'java/lang/invoke/LambdaForm$MH+0x0000020eced00400'
Event: 11823.114 Thread 0x0000020ecc459700 Unloading class 0x0000020ececf8c00 'java/lang/invoke/LambdaForm$MH+0x0000020ececf8c00'
Event: 11823.114 Thread 0x0000020ecc459700 Unloading class 0x0000020ececf3800 'java/lang/invoke/LambdaForm$MH+0x0000020ececf3800'
Event: 11823.114 Thread 0x0000020ecc459700 Unloading class 0x0000020ececf3400 'java/lang/invoke/LambdaForm$MH+0x0000020ececf3400'
Event: 11823.114 Thread 0x0000020ecc459700 Unloading class 0x0000020ecec2a000 'java/lang/invoke/LambdaForm$MH+0x0000020ecec2a000'
Event: 11823.114 Thread 0x0000020ecc459700 Unloading class 0x0000020ecebde800 'java/lang/invoke/LambdaForm$DMH+0x0000020ecebde800'
Event: 11823.114 Thread 0x0000020ecc459700 Unloading class 0x0000020ecec11800 'java/lang/invoke/LambdaForm$MH+0x0000020ecec11800'
Event: 11823.114 Thread 0x0000020ecc459700 Unloading class 0x0000020ece4a0000 'java/lang/invoke/LambdaForm$MH+0x0000020ece4a0000'
Event: 11823.114 Thread 0x0000020ecc459700 Unloading class 0x0000020eceac4c00 'java/lang/invoke/LambdaForm$MH+0x0000020eceac4c00'
Event: 11823.114 Thread 0x0000020ecc459700 Unloading class 0x0000020ecec39400 'java/lang/invoke/LambdaForm$MH+0x0000020ecec39400'
Event: 11823.114 Thread 0x0000020ecc459700 Unloading class 0x0000020ecec1c000 'java/lang/invoke/LambdaForm$MH+0x0000020ecec1c000'
Event: 11823.114 Thread 0x0000020ecc459700 Unloading class 0x0000020ecebfec00 'java/lang/invoke/LambdaForm$DMH+0x0000020ecebfec00'
Event: 11823.114 Thread 0x0000020ecc459700 Unloading class 0x0000020ecec55000 'java/lang/invoke/LambdaForm$DMH+0x0000020ecec55000'
Event: 11823.114 Thread 0x0000020ecc459700 Unloading class 0x0000020ecebfc400 'java/lang/invoke/LambdaForm$MH+0x0000020ecebfc400'
Event: 11823.114 Thread 0x0000020ecc459700 Unloading class 0x0000020ecec57400 'java/lang/invoke/LambdaForm$MH+0x0000020ecec57400'
Event: 11823.114 Thread 0x0000020ecc459700 Unloading class 0x0000020ecec00000 'java/lang/invoke/LambdaForm$MH+0x0000020ecec00000'
Event: 11823.114 Thread 0x0000020ecc459700 Unloading class 0x0000020ecec00c00 'java/lang/invoke/LambdaForm$MH+0x0000020ecec00c00'

Classes redefined (0 events):
No events

Internal exceptions (20 events):
Event: 11887.849 Thread 0x0000020f124a5a00 Exception <a 'java/io/IOException'{0x000000008b5fa448}> (0x000000008b5fa448) 
thrown [s\src\hotspot\share\prims\jni.cpp, line 520]
Event: 11887.849 Thread 0x0000020f124a5a00 Exception <a 'java/io/IOException'{0x000000008b5fbc48}> (0x000000008b5fbc48) 
thrown [s\src\hotspot\share\prims\jni.cpp, line 520]
Event: 11887.849 Thread 0x0000020f124a5a00 Exception <a 'java/io/IOException'{0x000000008b5fc4c0}> (0x000000008b5fc4c0) 
thrown [s\src\hotspot\share\prims\jni.cpp, line 520]
Event: 11887.874 Thread 0x0000020f124a5a00 Exception <a 'java/io/FileNotFoundException'{0x000000008b23cbc8}> (0x000000008b23cbc8) 
thrown [s\src\hotspot\share\prims\jni.cpp, line 520]
Event: 11887.911 Thread 0x0000020f124a5a00 Exception <a 'java/io/IOException'{0x000000008ae2a820}> (0x000000008ae2a820) 
thrown [s\src\hotspot\share\prims\jni.cpp, line 520]
Event: 11887.911 Thread 0x0000020f124a5a00 Exception <a 'java/io/IOException'{0x000000008ae2ade8}> (0x000000008ae2ade8) 
thrown [s\src\hotspot\share\prims\jni.cpp, line 520]
Event: 11887.913 Thread 0x0000020f124a5a00 Exception <a 'java/io/IOException'{0x000000008ae56730}> (0x000000008ae56730) 
thrown [s\src\hotspot\share\prims\jni.cpp, line 520]
Event: 11887.913 Thread 0x0000020f124a5a00 Exception <a 'java/io/IOException'{0x000000008ae56cf8}> (0x000000008ae56cf8) 
thrown [s\src\hotspot\share\prims\jni.cpp, line 520]
Event: 11887.919 Thread 0x0000020f124a5a00 Exception <a 'java/io/IOException'{0x000000008ad38818}> (0x000000008ad38818) 
thrown [s\src\hotspot\share\prims\jni.cpp, line 520]
Event: 11887.919 Thread 0x0000020f124a5a00 Exception <a 'java/io/IOException'{0x000000008ad38de0}> (0x000000008ad38de0) 
thrown [s\src\hotspot\share\prims\jni.cpp, line 520]
Event: 11887.920 Thread 0x0000020f124a5a00 Exception <a 'java/io/IOException'{0x000000008ad47a08}> (0x000000008ad47a08) 
thrown [s\src\hotspot\share\prims\jni.cpp, line 520]
Event: 11887.920 Thread 0x0000020f124a5a00 Exception <a 'java/io/IOException'{0x000000008ad47fd0}> (0x000000008ad47fd0) 
thrown [s\src\hotspot\share\prims\jni.cpp, line 520]
Event: 11887.933 Thread 0x0000020f124a5a00 Exception <a 'java/io/IOException'{0x000000008ade24c0}> (0x000000008ade24c0) 
thrown [s\src\hotspot\share\prims\jni.cpp, line 520]
Event: 11887.933 Thread 0x0000020f124a5a00 Exception <a 'java/io/IOException'{0x000000008ade2d38}> (0x000000008ade2d38) 
thrown [s\src\hotspot\share\prims\jni.cpp, line 520]
Event: 11887.934 Thread 0x0000020f124a5a00 Exception <a 'java/io/IOException'{0x000000008ade5928}> (0x000000008ade5928) 
thrown [s\src\hotspot\share\prims\jni.cpp, line 520]
Event: 11887.934 Thread 0x0000020f124a5a00 Exception <a 'java/io/IOException'{0x000000008ade5ef0}> (0x000000008ade5ef0) 
thrown [s\src\hotspot\share\prims\jni.cpp, line 520]
Event: 11887.935 Thread 0x0000020f124a5a00 Exception <a 'java/io/IOException'{0x000000008ab025b0}> (0x000000008ab025b0) 
thrown [s\src\hotspot\share\prims\jni.cpp, line 520]
Event: 11887.935 Thread 0x0000020f124a5a00 Exception <a 'java/io/IOException'{0x000000008ab02e28}> (0x000000008ab02e28) 
thrown [s\src\hotspot\share\prims\jni.cpp, line 520]
Event: 11888.007 Thread 0x0000020f124a5a00 Exception <a 'java/io/IOException'{0x000000008e06fb90}> (0x000000008e06fb90) 
thrown [s\src\hotspot\share\prims\jni.cpp, line 520]
Event: 11888.007 Thread 0x0000020f124a5a00 Exception <a 'java/io/IOException'{0x000000008e070408}> (0x000000008e070408) 
thrown [s\src\hotspot\share\prims\jni.cpp, line 520]

ZGC Phase Switch (0 events):
No events

VM Operations (20 events):
Event: 11736.988 Executing VM operation: G1PauseRemark done
Event: 11737.030 Executing VM operation: G1PauseCleanup
Event: 11737.030 Executing VM operation: G1PauseCleanup done
Event: 11762.727 Executing VM operation: G1CollectForAllocation (G1 Evacuation Pause)
Event: 11762.731 Executing VM operation: G1CollectForAllocation (G1 Evacuation Pause) done
Event: 11792.210 Executing VM operation: G1CollectForAllocation (G1 Evacuation Pause)
Event: 11792.214 Executing VM operation: G1CollectForAllocation (G1 Evacuation Pause) done
Event: 11823.039 Executing VM operation: G1CollectForAllocation (G1 Evacuation Pause)
Event: 11823.042 Executing VM operation: G1CollectForAllocation (G1 Evacuation Pause) done
Event: 11823.113 Executing VM operation: G1PauseRemark
Event: 11823.132 Executing VM operation: G1PauseRemark done
Event: 11823.166 Executing VM operation: G1PauseCleanup
Event: 11823.166 Executing VM operation: G1PauseCleanup done
Event: 11854.599 Executing VM operation: G1CollectForAllocation (G1 Evacuation Pause)
Event: 11854.602 Executing VM operation: G1CollectForAllocation (G1 Evacuation Pause) done
Event: 11886.078 Executing VM operation: G1CollectForAllocation (G1 Evacuation Pause)
Event: 11886.096 Executing VM operation: G1CollectForAllocation (G1 Evacuation Pause) done
Event: 11887.950 Executing VM operation: G1CollectForAllocation (G1 Evacuation Pause)
Event: 11887.955 Executing VM operation: G1CollectForAllocation (G1 Evacuation Pause) done
Event: 11888.023 Executing VM operation: G1PauseRemark

Memory protections (0 events):
No events

Nmethod flushes (20 events):
Event: 11823.131 Thread 0x0000020ecc459700 flushing  nmethod 0x0000020ec5eb1310
Event: 11823.131 Thread 0x0000020ecc459700 flushing  nmethod 0x0000020ec6027d90
Event: 11823.131 Thread 0x0000020ecc459700 flushing  nmethod 0x0000020ec4af1a10
Event: 11823.131 Thread 0x0000020ecc459700 flushing  nmethod 0x0000020ec4b1e610
Event: 11823.131 Thread 0x0000020ecc459700 flushing  nmethod 0x0000020ec58b5090
Event: 11823.131 Thread 0x0000020ecc459700 flushing  nmethod 0x0000020ec5963090
Event: 11823.131 Thread 0x0000020ecc459700 flushing  nmethod 0x0000020ec5bba110
Event: 11823.131 Thread 0x0000020ecc459700 flushing  nmethod 0x0000020ec49f4d10
Event: 11823.131 Thread 0x0000020ecc459700 flushing  nmethod 0x0000020ec4a38510
Event: 11823.131 Thread 0x0000020ecc459700 flushing  nmethod 0x0000020ec4a39490
Event: 11823.131 Thread 0x0000020ecc459700 flushing  nmethod 0x0000020ec4a5ff90
Event: 11823.131 Thread 0x0000020ecc459700 flushing  nmethod 0x0000020ec4a8f290
Event: 11823.131 Thread 0x0000020ecc459700 flushing  nmethod 0x0000020ec4ad3c90
Event: 11823.131 Thread 0x0000020ecc459700 flushing  nmethod 0x0000020ec4ad6610
Event: 11823.131 Thread 0x0000020ecc459700 flushing  nmethod 0x0000020ec4e3c590
Event: 11823.131 Thread 0x0000020ecc459700 flushing  nmethod 0x0000020ec51ab290
Event: 11823.131 Thread 0x0000020ecc459700 flushing  nmethod 0x0000020ec56f1610
Event: 11823.131 Thread 0x0000020ecc459700 flushing  nmethod 0x0000020ec5892b90
Event: 11823.131 Thread 0x0000020ecc459700 flushing  nmethod 0x0000020ec5f86f90
Event: 11823.131 Thread 0x0000020ecc459700 flushing  nmethod 0x0000020ec5f8ac90

Events (20 events):
Event: 11721.364 Thread 0x0000020ecc498ff0 Thread added: 0x0000020f154b7740
Event: 11721.633 Thread 0x0000020f124a7440 Thread added: 0x0000020f15ae3c30
Event: 11721.642 Thread 0x0000020f15ae0120 Thread exited: 0x0000020f15ae0120
Event: 11721.642 Thread 0x0000020f124a5a00 Thread exited: 0x0000020f124a5a00
Event: 11721.642 Thread 0x0000020f15ae3c30 Thread exited: 0x0000020f15ae3c30
Event: 11721.646 Thread 0x0000020f124a6db0 Thread exited: 0x0000020f124a6db0
Event: 11721.646 Thread 0x0000020f124a6090 Thread exited: 0x0000020f124a6090
Event: 11721.646 Thread 0x0000020f124a87f0 Thread exited: 0x0000020f124a87f0
Event: 11721.653 Thread 0x0000020f124a7440 Thread exited: 0x0000020f124a7440
Event: 11721.654 Thread 0x0000020f152a0bc0 Thread added: 0x0000020f15ae1b60
Event: 11726.654 Thread 0x0000020f154b7740 Thread exited: 0x0000020f154b7740
Event: 11731.659 Thread 0x0000020f154b84e0 Thread exited: 0x0000020f154b84e0
Event: 11731.659 Thread 0x0000020f154b62d0 Thread exited: 0x0000020f154b62d0
Event: 11887.186 Thread 0x0000020f152a0bc0 Thread added: 0x0000020f124a5a00
Event: 11887.297 Thread 0x0000020f124a5a00 Thread added: 0x0000020f124a6090
Event: 11887.318 Thread 0x0000020f124a6090 Thread exited: 0x0000020f124a6090
Event: 11887.875 Thread 0x0000020f124a5a00 Thread added: 0x0000020f124a6090
Event: 11887.875 Thread 0x0000020f124a5a00 Thread added: 0x0000020f124a6db0
Event: 11887.875 Thread 0x0000020f124a5a00 Thread added: 0x0000020f124a7440
Event: 11887.933 Thread 0x0000020f124a5a00 Thread added: 0x0000020f124a87f0


Dynamic libraries:
0x00007ff76e0d0000 - 0x00007ff76e0de000 	S:\adv_java\javaSoftwares\sts-4.30.0.RELEASE\plugins\org.eclipse.justj.openjdk.hotspot.jre.full.win32.x86_64_21.0.6.v20250130-0529\jre\bin\javaw.exe
0x00007ffc5db00000 - 0x00007ffc5dd66000 	C:\WINDOWS\SYSTEM32\ntdll.dll
0x00007ffc5ca90000 - 0x00007ffc5cb59000 	C:\WINDOWS\System32\KERNEL32.DLL
0x00007ffc5b390000 - 0x00007ffc5b75c000 	C:\WINDOWS\System32\KERNELBASE.dll
0x00007ffc5b050000 - 0x00007ffc5b19b000 	C:\WINDOWS\System32\ucrtbase.dll
0x00007ffc52bf0000 - 0x00007ffc52c0e000 	S:\adv_java\javaSoftwares\sts-4.30.0.RELEASE\plugins\org.eclipse.justj.openjdk.hotspot.jre.full.win32.x86_64_21.0.6.v20250130-0529\jre\bin\VCRUNTIME140.dll
0x00007ffc547b0000 - 0x00007ffc547c8000 	S:\adv_java\javaSoftwares\sts-4.30.0.RELEASE\plugins\org.eclipse.justj.openjdk.hotspot.jre.full.win32.x86_64_21.0.6.v20250130-0529\jre\bin\jli.dll
0x00007ffc5d160000 - 0x00007ffc5d32a000 	C:\WINDOWS\System32\USER32.dll
0x00007ffc5b760000 - 0x00007ffc5b787000 	C:\WINDOWS\System32\win32u.dll
0x00007ffc46610000 - 0x00007ffc468aa000 	C:\WINDOWS\WinSxS\amd64_microsoft.windows.common-controls_6595b64144ccf1df_6.0.26100.3912_none_3e07963ce335137e\COMCTL32.dll
0x00007ffc5d550000 - 0x00007ffc5d57b000 	C:\WINDOWS\System32\GDI32.dll
0x00007ffc5d330000 - 0x00007ffc5d3d9000 	C:\WINDOWS\System32\msvcrt.dll
0x00007ffc5b250000 - 0x00007ffc5b382000 	C:\WINDOWS\System32\gdi32full.dll
0x00007ffc5b1a0000 - 0x00007ffc5b243000 	C:\WINDOWS\System32\msvcp_win.dll
0x00007ffc5ba90000 - 0x00007ffc5bac0000 	C:\WINDOWS\System32\IMM32.DLL
0x00007ffc54b50000 - 0x00007ffc54b5c000 	S:\adv_java\javaSoftwares\sts-4.30.0.RELEASE\plugins\org.eclipse.justj.openjdk.hotspot.jre.full.win32.x86_64_21.0.6.v20250130-0529\jre\bin\vcruntime140_1.dll
0x00007ffc38200000 - 0x00007ffc3828d000 	S:\adv_java\javaSoftwares\sts-4.30.0.RELEASE\plugins\org.eclipse.justj.openjdk.hotspot.jre.full.win32.x86_64_21.0.6.v20250130-0529\jre\bin\msvcp140.dll
0x00007ffbe1df0000 - 0x00007ffbe2b80000 	S:\adv_java\javaSoftwares\sts-4.30.0.RELEASE\plugins\org.eclipse.justj.openjdk.hotspot.jre.full.win32.x86_64_21.0.6.v20250130-0529\jre\bin\server\jvm.dll
0x00007ffc5b940000 - 0x00007ffc5b9f2000 	C:\WINDOWS\System32\ADVAPI32.dll
0x00007ffc5d580000 - 0x00007ffc5d626000 	C:\WINDOWS\System32\sechost.dll
0x00007ffc5bd50000 - 0x00007ffc5be66000 	C:\WINDOWS\System32\RPCRT4.dll
0x00007ffc5b8c0000 - 0x00007ffc5b934000 	C:\WINDOWS\System32\WS2_32.dll
0x00007ffc5ab00000 - 0x00007ffc5ab5e000 	C:\WINDOWS\SYSTEM32\POWRPROF.dll
0x00007ffc53680000 - 0x00007ffc5368b000 	C:\WINDOWS\SYSTEM32\VERSION.dll
0x00007ffc4d1c0000 - 0x00007ffc4d1f6000 	C:\WINDOWS\SYSTEM32\WINMM.dll
0x00007ffc5aae0000 - 0x00007ffc5aaf4000 	C:\WINDOWS\SYSTEM32\UMPDC.dll
0x00007ffc59a10000 - 0x00007ffc59a2a000 	C:\WINDOWS\SYSTEM32\kernel.appcore.dll
0x00007ffc57640000 - 0x00007ffc5764a000 	S:\adv_java\javaSoftwares\sts-4.30.0.RELEASE\plugins\org.eclipse.justj.openjdk.hotspot.jre.full.win32.x86_64_21.0.6.v20250130-0529\jre\bin\jimage.dll
0x00007ffc58500000 - 0x00007ffc58741000 	C:\WINDOWS\SYSTEM32\DBGHELP.DLL
0x00007ffc5cd70000 - 0x00007ffc5d0f4000 	C:\WINDOWS\System32\combase.dll
0x00007ffc5cb70000 - 0x00007ffc5cc50000 	C:\WINDOWS\System32\OLEAUT32.dll
0x00007ffc45930000 - 0x00007ffc45969000 	C:\WINDOWS\SYSTEM32\dbgcore.DLL
0x00007ffc5b820000 - 0x00007ffc5b8b9000 	C:\WINDOWS\System32\bcryptPrimitives.dll
0x00007ffc57230000 - 0x00007ffc5724f000 	S:\adv_java\javaSoftwares\sts-4.30.0.RELEASE\plugins\org.eclipse.justj.openjdk.hotspot.jre.full.win32.x86_64_21.0.6.v20250130-0529\jre\bin\java.dll
0x00007ffc5c070000 - 0x00007ffc5c79d000 	C:\WINDOWS\System32\SHELL32.dll
0x00007ffc5ad50000 - 0x00007ffc5aec4000 	C:\WINDOWS\System32\wintypes.dll
0x00007ffc588e0000 - 0x00007ffc59136000 	C:\WINDOWS\SYSTEM32\windows.storage.dll
0x00007ffc5cc70000 - 0x00007ffc5cd5f000 	C:\WINDOWS\System32\SHCORE.dll
0x00007ffc5c9f0000 - 0x00007ffc5ca59000 	C:\WINDOWS\System32\shlwapi.dll
0x00007ffc5aba0000 - 0x00007ffc5abcf000 	C:\WINDOWS\SYSTEM32\profapi.dll
0x00007ffc54700000 - 0x00007ffc54718000 	S:\adv_java\javaSoftwares\sts-4.30.0.RELEASE\plugins\org.eclipse.justj.openjdk.hotspot.jre.full.win32.x86_64_21.0.6.v20250130-0529\jre\bin\zip.dll
0x00007ffc57560000 - 0x00007ffc57570000 	S:\adv_java\javaSoftwares\sts-4.30.0.RELEASE\plugins\org.eclipse.justj.openjdk.hotspot.jre.full.win32.x86_64_21.0.6.v20250130-0529\jre\bin\net.dll
0x00007ffc53b00000 - 0x00007ffc53c1e000 	C:\WINDOWS\SYSTEM32\WINHTTP.dll
0x00007ffc59f70000 - 0x00007ffc59fda000 	C:\WINDOWS\system32\mswsock.dll
0x00007ffc51860000 - 0x00007ffc51876000 	S:\adv_java\javaSoftwares\sts-4.30.0.RELEASE\plugins\org.eclipse.justj.openjdk.hotspot.jre.full.win32.x86_64_21.0.6.v20250130-0529\jre\bin\nio.dll
0x00007ffc57660000 - 0x00007ffc5766a000 	S:\adv_java\javaSoftwares\sts-4.30.0.RELEASE\plugins\org.eclipse.justj.openjdk.hotspot.jre.full.win32.x86_64_21.0.6.v20250130-0529\jre\bin\management.dll
0x00007ffc57650000 - 0x00007ffc5765b000 	S:\adv_java\javaSoftwares\sts-4.30.0.RELEASE\plugins\org.eclipse.justj.openjdk.hotspot.jre.full.win32.x86_64_21.0.6.v20250130-0529\jre\bin\management_ext.dll
0x00007ffc5c060000 - 0x00007ffc5c068000 	C:\WINDOWS\System32\PSAPI.DLL
0x00007ffc36a90000 - 0x00007ffc36aa8000 	C:\WINDOWS\system32\napinsp.dll
0x00007ffc59470000 - 0x00007ffc59597000 	C:\WINDOWS\SYSTEM32\DNSAPI.dll
0x00007ffc59430000 - 0x00007ffc59463000 	C:\WINDOWS\SYSTEM32\IPHLPAPI.DLL
0x00007ffc5cc60000 - 0x00007ffc5cc6a000 	C:\WINDOWS\System32\NSI.dll
0x00007ffc368a0000 - 0x00007ffc368b2000 	C:\WINDOWS\System32\winrnr.dll
0x00007ffc36970000 - 0x00007ffc369a0000 	C:\WINDOWS\system32\nlansp_c.dll
0x00007ffc36a60000 - 0x00007ffc36a80000 	C:\WINDOWS\system32\wshbth.dll
0x00007ffc51020000 - 0x00007ffc5102b000 	C:\Windows\System32\rasadhlp.dll
0x00007ffc52ae0000 - 0x00007ffc52b66000 	C:\WINDOWS\System32\fwpuclnt.dll
0x00007ffc5a240000 - 0x00007ffc5a25c000 	C:\WINDOWS\SYSTEM32\CRYPTSP.dll
0x00007ffc59970000 - 0x00007ffc599aa000 	C:\WINDOWS\system32\rsaenh.dll
0x00007ffc5a010000 - 0x00007ffc5a03b000 	C:\WINDOWS\SYSTEM32\USERENV.dll
0x00007ffc5ab70000 - 0x00007ffc5ab96000 	C:\WINDOWS\SYSTEM32\bcrypt.dll
0x00007ffc5a260000 - 0x00007ffc5a26c000 	C:\WINDOWS\SYSTEM32\CRYPTBASE.dll
0x00007ffc51850000 - 0x00007ffc51859000 	S:\adv_java\javaSoftwares\sts-4.30.0.RELEASE\plugins\org.eclipse.justj.openjdk.hotspot.jre.full.win32.x86_64_21.0.6.v20250130-0529\jre\bin\extnet.dll
0x00007ffc57220000 - 0x00007ffc5722e000 	S:\adv_java\javaSoftwares\sts-4.30.0.RELEASE\plugins\org.eclipse.justj.openjdk.hotspot.jre.full.win32.x86_64_21.0.6.v20250130-0529\jre\bin\sunmscapi.dll
0x00007ffc5aed0000 - 0x00007ffc5b047000 	C:\WINDOWS\System32\CRYPT32.dll
0x00007ffc5a470000 - 0x00007ffc5a4a0000 	C:\WINDOWS\SYSTEM32\ncrypt.dll
0x00007ffc5a420000 - 0x00007ffc5a45f000 	C:\WINDOWS\SYSTEM32\NTASN1.dll
0x00007ffc57260000 - 0x00007ffc57270000 	S:\adv_java\javaSoftwares\sts-4.30.0.RELEASE\plugins\org.eclipse.justj.openjdk.hotspot.jre.full.win32.x86_64_21.0.6.v20250130-0529\jre\bin\verify.dll
0x00007ffc51a60000 - 0x00007ffc51a68000 	C:\WINDOWS\system32\wshunix.dll

dbghelp: loaded successfully - version: 4.0.5 - missing functions: none
symbol engine: initialized successfully - sym options: 0x614 - pdb path: .;S:\adv_java\javaSoftwares\sts-4.30.0.RELEASE\plugins\org.eclipse.justj.openjdk.hotspot.jre.full.win32.x86_64_21.0.6.v20250130-0529\jre\bin;C:\WINDOWS\SYSTEM32;C:\WINDOWS\WinSxS\amd64_microsoft.windows.common-controls_6595b64144ccf1df_6.0.26100.3912_none_3e07963ce335137e;S:\adv_java\javaSoftwares\sts-4.30.0.RELEASE\plugins\org.eclipse.justj.openjdk.hotspot.jre.full.win32.x86_64_21.0.6.v20250130-0529\jre\bin\server

VM Arguments:
jvm_args: -Dcom.sun.management.jmxremote -Dcom.sun.management.jmxremote.port=6205 -Dcom.sun.management.jmxremote.authenticate=false -Dcom.sun.management.jmxremote.ssl=false -Djava.rmi.server.hostname=localhost -Dspring.jmx.enabled=true -Dmanagement.endpoints.jmx.exposure.include=* -Dspring.application.admin.enabled=true -Dspring.output.ansi.enabled=always -XX:TieredStopAtLevel=1 -Dspring.boot.project.name=appointment-consultation-service -Dfile.encoding=UTF-8 -Dstdout.encoding=UTF-8 -Dstderr.encoding=UTF-8 -XX:+ShowCodeDetailsInExceptionMessages 
java_command: com.healthcare.appointment.AppointmentConsultationServiceApplication
java_class_path (initial): S:\Ash\appointment-consultation-service\target\classes;C:\Users\suraj\.m2\repository\org\springframework\boot\spring-boot-starter-websocket\3.5.4\spring-boot-starter-websocket-3.5.4.jar;C:\Users\suraj\.m2\repository\org\springframework\spring-messaging\6.2.9\spring-messaging-6.2.9.jar;C:\Users\suraj\.m2\repository\org\springframework\spring-websocket\6.2.9\spring-websocket-6.2.9.jar;C:\Users\suraj\.m2\repository\org\springframework\boot\spring-boot-starter-data-jpa\3.5.4\spring-boot-starter-data-jpa-3.5.4.jar;C:\Users\suraj\.m2\repository\org\springframework\boot\spring-boot-starter\3.5.4\spring-boot-starter-3.5.4.jar;C:\Users\suraj\.m2\repository\org\springframework\boot\spring-boot-starter-logging\3.5.4\spring-boot-starter-logging-3.5.4.jar;C:\Users\suraj\.m2\repository\ch\qos\logback\logback-classic\1.5.18\logback-classic-1.5.18.jar;C:\Users\suraj\.m2\repository\ch\qos\logback\logback-core\1.5.18\logback-core-1.5.18.jar;C:\Users\suraj\.m2\repository\org\apache\logging\log4j\log4j-to-slf4j\2.24.3\log4j-to-slf4j-2.24.3.jar;C:\Users\suraj\.m2\repository\org\apache\logging\log4j\log4j-api\2.24.3\log4j-api-2.24.3.jar;C:\Users\suraj\.m2\repository\org\slf4j\jul-to-slf4j\2.0.17\jul-to-slf4j-2.0.17.jar;C:\Users\suraj\.m2\repository\jakarta\annotation\jakarta.annotation-api\2.1.1\jakarta.annotation-api-2.1.1.jar;C:\Users\suraj\.m2\repository\org\yaml\snakeyaml\2.4\snakeyaml-2.4.jar;C:\Users\suraj\.m2\repository\org\springframework\boot\spring-boot-starter-jdbc\3.5.4\spring-boot-starter-jdbc-3.5.4.jar;C:\Users\suraj\.m2\repository\com\zaxxer\HikariCP\6.3.1\HikariCP-6.3.1.jar;C:\Users\suraj\.m2\repository\org\springframework\spring-jdbc\6.2.9\spring-jdbc-6.2.9.jar;C:\Users\suraj\.m2\repository\org\hibernate\orm\hibernate-core\6.6.22.Final\hibernate-core-6.6.22.Final.jar;C:\Users\suraj\.m2\repository\jakarta\persistence\jakarta.persistence-api\3.1.0\jakarta.persistence-api-3.1.0.jar;C:\Users\suraj\.m2\repository\jakarta\transaction\jakarta.transaction-api\2.0.1\jakarta.transaction-api-2.0.1.jar;C:\Users\suraj\.m2\repository\org\jboss\logging\jboss-logging\3.6.1.Final\jboss-logging-3.6.1.Final.jar;C:\Users\suraj\.m2\repository\org\hibernate\common\hibernate-commons-annotations\7.0.3.Final\hibernate-commons-annotations-7.0.3.Final.jar;C:\Users\suraj\.m2\repository\io\smallrye\jandex\3.2.0\jandex-3.2.0.jar;C:\Users\suraj\.m2\repository\com\fasterxml\classmate\1.7.0\classmate-1.7.0.jar;C:\Users\suraj\.m2\repository\net\bytebuddy\byte-buddy\1.17.6\byte-buddy-1.17.6.jar;C:\Users\suraj\.m2\repository\org\glassfish\jaxb\jaxb-runtime\4.0.5\jaxb-runtime-4.0.5.jar;C:\Users\suraj\.m2\repository\org\glassfish\jaxb\jaxb-core\4.0.5\jaxb-core-4.0.5.jar;C:\Users\suraj\.m2\repository\org\glassfish\jaxb\txw2\4.0.5\txw2-4.0.5.jar;C:\Users\suraj\.m2\repository\com\sun\istack\istack-commons-runtime\4.1.2\istack-commons-runtime-4.1.2.jar;C:\Users\suraj\.m2\repository\jakarta\inject\jakarta.inject-api\2.0.1\jakarta.inject-api-2.0.1.jar;C:\Users\suraj\.m2\repository\org\antlr\antlr4-runtime\4.13.0\antlr4-runtime-4.13.0.jar;C:\Users\suraj\.m2\repository\org\springframework\data\spring-data-jpa\3.5.2\spring-data-jpa-3.5.2.jar;C:\Users\suraj\.m2\repository\org\springframework\data\spring-data-commons\3.5.2\spring-data-commons-3.5.2.jar;C:\Users\suraj\.m2\repository\org\springframework\spring-orm\6.2.9\spring-orm-6.2.9.jar;C:\Users\suraj\.m2\repository\org\springframework\spring-tx\6.2.9\spring-tx-6.2.9.jar;C:\Users\suraj\.m2\repository\org\slf4j\slf4j-api\2.0.17\slf4j-api-2.0.17.jar;C:\Users\suraj\.m2\repository\org\springframework\spring-aspects\6.2.9\spring-aspects-6.2.9.jar;C:\Users\suraj\.m2\repository\org\aspectj\aspectjweaver\1.9.24\aspectjweaver-1.9.24.jar;C:\Users\suraj\.m2\repository\org\springframework\boot\spring-boot-starter-security\3.5.4\spring-boot-starter-security-3.5.4.jar;C:\Users\suraj\.m2\repository\org\springframework\spring-aop\6.2.9\spring-aop-6.2.9.jar;C:\Users\suraj\.m2\repository\org\springframework\security\spring-security-config\6.5.2\spring-security-config-6.5.2.jar;C:\Users\suraj\.m2\repository\org\springframework\security\spring-security-web\6.5.2\spring-security-web-6.5.2.jar;C:\Users\suraj\.m2\repository\org\springframework\boot\spring-boot-starter-validation\3.5.4\spring-boot-starter-validation-3.5.4.jar;C:\Users\suraj\.m2\repository\org\apache\tomcat\embed\tomcat-embed-el\10.1.43\tomcat-embed-el-10.1.43.jar;C:\Users\suraj\.m2\repository\org\hibernate\validator\hibernate-validator\8.0.2.Final\hibernate-validator-8.0.2.Final.jar;C:\Users\suraj\.m2\repository\jakarta\validation\jakarta.validation-api\3.0.2\jakarta.validation-api-3.0.2.jar;C:\Users\suraj\.m2\repository\org\springframework\boot\spring-boot-starter-web\3.5.4\spring-boot-starter-web-3.5.4.jar;C:\Users\suraj\.m2\repository\org\springframework\boot\spring-boot-starter-json\3.5.4\spring-boot-starter-json-3.5.4.jar;C:\Users\suraj\.m2\repository\com\fasterxml\jackson\datatype\jackson-datatype-jdk8\2.19.2\jackson-datatype-jdk8-2.19.2.jar;C:\Users\suraj\.m2\repository\com\fasterxml\jackson\datatype\jackson-datatype-jsr310\2.19.2\jackson-datatype-jsr310-2.19.2.jar;C:\Users\suraj\.m2\repository\com\fasterxml\jackson\module\jackson-module-parameter-names\2.19.2\jackson-module-parameter-names-2.19.2.jar;C:\Users\suraj\.m2\repository\org\springframework\boot\spring-boot-starter-tomcat\3.5.4\spring-boot-starter-tomcat-3.5.4.jar;C:\Users\suraj\.m2\repository\org\apache\tomcat\embed\tomcat-embed-core\10.1.43\tomcat-embed-core-10.1.43.jar;C:\Users\suraj\.m2\repository\org\apache\tomcat\embed\tomcat-embed-websocket\10.1.43\tomcat-embed-websocket-10.1.43.jar;C:\Users\suraj\.m2\repository\org\springframework\spring-web\6.2.9\spring-web-6.2.9.jar;C:\Users\suraj\.m2\repository\io\micrometer\micrometer-observation\1.15.2\micrometer-observation-1.15.2.jar;C:\Users\suraj\.m2\repository\io\micrometer\micrometer-commons\1.15.2\micrometer-commons-1.15.2.jar;C:\Users\suraj\.m2\repository\org\springframework\spring-webmvc\6.2.9\spring-webmvc-6.2.9.jar;C:\Users\suraj\.m2\repository\org\springframework\boot\spring-boot-devtools\3.5.4\spring-boot-devtools-3.5.4.jar;C:\Users\suraj\.m2\repository\org\springframework\boot\spring-boot\3.5.4\spring-boot-3.5.4.jar;C:\Users\suraj\.m2\repository\org\springframework\boot\spring-boot-autoconfigure\3.5.4\spring-boot-autoconfigure-3.5.4.jar;C:\Users\suraj\.m2\repository\com\mysql\mysql-connector-j\9.3.0\mysql-connector-j-9.3.0.jar;C:\Users\suraj\.m2\repository\org\projectlombok\lombok\1.18.38\lombok-1.18.38.jar;C:\Users\suraj\.m2\repository\jakarta\xml\bind\jakarta.xml.bind-api\4.0.2\jakarta.xml.bind-api-4.0.2.jar;C:\Users\suraj\.m2\repository\jakarta\activation\jakarta.activation-api\2.1.3\jakarta.activation-api-2.1.3.jar;C:\Users\suraj\.m2\repository\org\springframework\spring-core\6.2.9\spring-core-6.2.9.jar;C:\Users\suraj\.m2\repository\org\springframework\spring-jcl\6.2.9\spring-jcl-6.2.9.jar;C:\Users\suraj\.m2\repository\org\springframework\security\spring-security-core\6.5.2\spring-security-core-6.5.2.jar;C:\Users\suraj\.m2\repository\org\springframework\security\spring-security-crypto\6.5.2\spring-security-crypto-6.5.2.jar;C:\Users\suraj\.m2\repository\io\jsonwebtoken\jjwt-api\0.11.5\jjwt-api-0.11.5.jar;C:\Users\suraj\.m2\repository\io\jsonwebtoken\jjwt-impl\0.11.5\jjwt-impl-0.11.5.jar;C:\Users\suraj\.m2\repository\io\jsonwebtoken\jjwt-jackson\0.11.5\jjwt-jackson-0.11.5.jar;C:\Users\suraj\.m2\repository\com\fasterxml\jackson\core\jackson-databind\2.19.2\jackson-databind-2.19.2.jar;C:\Users\suraj\.m2\repository\com\fasterxml\jackson\core\jackson-annotations\2.19.2\jackson-annotations-2.19.2.jar;C:\Users\suraj\.m2\repository\com\fasterxml\jackson\core\jackson-core\2.19.2\jackson-core-2.19.2.jar;C:\Users\suraj\.m2\repository\org\springframework\boot\spring-boot-starter-mail\3.5.4\spring-boot-starter-mail-3.5.4.jar;C:\Users\suraj\.m2\repository\org\springframework\spring-context-support\6.2.9\spring-context-support-6.2.9.jar;C:\Users\suraj\.m2\repository\org\eclipse\angus\jakarta.mail\2.0.3\jakarta.mail-2.0.3.jar;C:\Users\suraj\.m2\repository\org\eclipse\angus\angus-activation\2.0.2\angus-activation-2.0.2.jar;C:\Users\suraj\.m2\repository\org\springframework\security\spring-security-messaging\6.5.2\spring-security-messaging-6.5.2.jar;C:\Users\suraj\.m2\repository\org\springframework\spring-beans\6.2.9\spring-beans-6.2.9.jar;C:\Users\suraj\.m2\repository\org\springframework\spring-context\6.2.9\spring-context-6.2.9.jar;C:\Users\suraj\.m2\repository\org\springframework\spring-expression\6.2.9\spring-expression-6.2.9.jar
Launcher Type: SUN_STANDARD

[Global flags]
     intx CICompilerCount                          = 4                                         {product} {ergonomic}
     uint ConcGCThreads                            = 2                                         {product} {ergonomic}
     uint G1ConcRefinementThreads                  = 8                                         {product} {ergonomic}
   size_t G1HeapRegionSize                         = 1048576                                   {product} {ergonomic}
    uintx GCDrainStackTargetSize                   = 64                                        {product} {ergonomic}
   size_t InitialHeapSize                          = 130023424                                 {product} {ergonomic}
     bool ManagementServer                         = true                                      {product} {command line}
   size_t MarkStackSize                            = 4194304                                   {product} {ergonomic}
   size_t MaxHeapSize                              = 2080374784                                {product} {ergonomic}
   size_t MaxNewSize                               = 1247805440                                {product} {ergonomic}
   size_t MinHeapDeltaBytes                        = 1048576                                   {product} {ergonomic}
   size_t MinHeapSize                              = 8388608                                   {product} {ergonomic}
    uintx NonNMethodCodeHeapSize                   = 4096                                   {pd product} {ergonomic}
    uintx NonProfiledCodeHeapSize                  = 0                                      {pd product} {ergonomic}
     bool ProfileInterpreter                       = false                                  {pd product} {command line}
    uintx ProfiledCodeHeapSize                     = 0                                      {pd product} {ergonomic}
     bool ShowCodeDetailsInExceptionMessages       = true                                   {manageable} {command line}
   size_t SoftMaxHeapSize                          = 2080374784                             {manageable} {ergonomic}
     intx TieredStopAtLevel                        = 1                                         {product} {command line}
     bool UseCompressedOops                        = true                           {product lp64_product} {ergonomic}
     bool UseG1GC                                  = true                                      {product} {ergonomic}
     bool UseLargePagesIndividualAllocation        = false                                  {pd product} {ergonomic}

Logging:
Log output configuration:
 #0: stdout all=warning uptime,level,tags foldmultilines=false
 #1: stderr all=off uptime,level,tags foldmultilines=false

Environment Variables:
PATH=S:/adv_java/javaSoftwares/sts-4.30.0.RELEASE//plugins/org.eclipse.justj.openjdk.hotspot.jre.full.win32.x86_64_21.0.6.v20250130-0529/jre/bin/server;S:/adv_java/javaSoftwares/sts-4.30.0.RELEASE//plugins/org.eclipse.justj.openjdk.hotspot.jre.full.win32.x86_64_21.0.6.v20250130-0529/jre/bin;C:\Program Files\Java\jdk-11.0.16\bin;C:\Program Files\Java\jdk-21\bin;C:\Program Files\Common Files\Oracle\Java\javapath;C:\WINDOWS\system32;C:\WINDOWS;C:\WINDOWS\System32\Wbem;C:\WINDOWS\System32\WindowsPowerShell\v1.0\;C:\WINDOWS\System32\OpenSSH\;C:\xampp\php;C:\ProgramData\ComposerSetup\bin;C:\Users\suraj\AppData\Roaming\npm\node_modules\@angular\cli\;C:\ProgramData\chocolatey\bin;C:\Program Files\nodejs\;C:\Users\suraj\AppData\Roaming\npm\node_modules\@angular\cli;C:\Users\suraj\Python\Python311\;C:\Program Files\Git\cmd;C:\Program Files\dotnet\;S:\Mongo\mongosh-2.3.1-win32-x64\bin;C:\Program Files\MongoDB\Server\8.0\bin;C:\Program Files\Microsoft SQL Server\150\Tools\Binn\;C:\Program Files\Microsoft SQL Server\Client SDK\ODBC\170\Tools\Binn\;C:\Program Files (x86)\Windows Kits\10\Windows Performance Toolkit\;C:\Program Files\MySQL\MySQL Shell 8.0\bin\;C:\Users\suraj\Python\Python311\Scripts\;C:\Users\suraj\Python\Python311\;C:\Users\suraj\AppData\Local\Microsoft\WindowsApps;C:\Users\suraj\AppData\Local\Programs\Microsoft VS Code\bin;C:\Users\suraj\AppData\Roaming\Composer\vendor\bin;C:\Users\suraj\AppData\Roaming\npm;C:\Program Files\heroku\bin;C:\Users\suraj\.dotnet\tools;C:\Users\suraj\AppData\Local\Google\Cloud SDK\google-cloud-sdk\bin;C:\Program Files\Java\jdk-21;;S:\adv_java\javaSoftwares\sts-4.30.0.RELEASE;
USERNAME=suraj
OS=Windows_NT
PROCESSOR_IDENTIFIER=Intel64 Family 6 Model 126 Stepping 5, GenuineIntel
TMP=C:\Users\suraj\AppData\Local\Temp
TEMP=C:\Users\suraj\AppData\Local\Temp




Periodic native trim disabled

---------------  S Y S T E M  ---------------

OS:
 Windows 11 , 64 bit Build 26100 (10.0.26100.3912)
OS uptime: 1 days 16:57 hours
Hyper-V role detected

CPU: total 8 (initial active 8) (4 cores per cpu, 2 threads per core) family 6 model 126 stepping 5 microcode 0xa8, cx8, cmov, fxsr, ht, mmx, 3dnowpref, sse, sse2, sse3, ssse3, sse4.1, sse4.2, popcnt, lzcnt, tsc, tscinvbit, avx, avx2, aes, erms, clmul, bmi1, bmi2, adx, avx512f, avx512dq, avx512cd, avx512bw, avx512vl, sha, fma, vzeroupper, avx512_vpopcntdq, avx512_vpclmulqdq, avx512_vaes, avx512_vnni, clflush, clflushopt, avx512_vbmi2, avx512_vbmi, hv, rdtscp, rdpid, fsrm, gfni, avx512_bitalg, f16c, avx512_ifma
Processor Information for the first 8 processors :
  Max Mhz: 1190, Current Mhz: 991, Mhz Limit: 987

Memory: 4k page, system-wide physical 7930M (654M free)
TotalPageFile size 12026M (AvailPageFile size 1M)
current process WorkingSet (physical memory assigned to process): 350M, peak: 350M
current process commit charge ("private bytes"): 427M, peak: 427M

vm_info: OpenJDK 64-Bit Server VM (21.0.6+7-LTS) for windows-amd64 JRE (21.0.6+7-LTS), built on 2025-01-21T00:00:00Z by "admin" with MS VC++ 17.7 (VS2022)

END.
