#
# There is insufficient memory for the Java Runtime Environment to continue.
# Native memory allocation (malloc) failed to allocate 2097152 bytes. Error detail: AllocateHeap
# Possible reasons:
#   The system is out of physical RAM or swap space
#   This process is running with CompressedOops enabled, and the Java Heap may be blocking the growth of the native heap
# Possible solutions:
#   Reduce memory load on the system
#   Increase physical memory or swap space
#   Check if swap backing store is full
#   Decrease Java heap size (-Xmx/-Xms)
#   Decrease number of Java threads
#   Decrease Java thread stack sizes (-Xss)
#   Set larger code cache with -XX:ReservedCodeCacheSize=
#   JVM is running with Unscaled Compressed Oops mode in which the Java heap is
#     placed in the first 4GB address space. The Java Heap base address is the
#     maximum limit for the native heap growth. Please use -XX:HeapBaseMinAddress
#     to set the Java Heap base and to place the Java Heap above 4GB virtual address.
# This output file may be truncated or incomplete.
#
#  Out of Memory Error (allocation.cpp:44), pid=20136, tid=17256
#
# JRE version: OpenJDK Runtime Environment Temurin-21.0.6+7 (21.0.6+7) (build 21.0.6+7-LTS)
# Java VM: OpenJDK 64-Bit Server VM Temurin-21.0.6+7 (21.0.6+7-LTS, mixed mode, emulated-client, sharing, tiered, compressed oops, compressed class ptrs, g1 gc, windows-amd64)
# No core dump will be written. Minidumps are not enabled by default on client versions of Windows
#

---------------  S U M M A R Y ------------

Command Line: -Dcom.sun.management.jmxremote -Dcom.sun.management.jmxremote.port=13243 -Dcom.sun.management.jmxremote.authenticate=false -Dcom.sun.management.jmxremote.ssl=false -Djava.rmi.server.hostname=localhost -Dspring.jmx.enabled=true -Dmanagement.endpoints.jmx.exposure.include=* -Dspring.application.admin.enabled=true -Dspring.output.ansi.enabled=always -XX:TieredStopAtLevel=1 -Dspring.boot.project.name=appointment-consultation-service -Dfile.encoding=UTF-8 -Dstdout.encoding=UTF-8 -Dstderr.encoding=UTF-8 -XX:+ShowCodeDetailsInExceptionMessages com.healthcare.appointment.AppointmentConsultationServiceApplication

Host: Intel(R) Core(TM) i5-1035G1 CPU @ 1.00GHz, 8 cores, 7G,  Windows 11 , 64 bit Build 26100 (10.0.26100.3912)
Time: Tue Jul 29 15:31:17 2025 India Standard Time elapsed time: 603.941660 seconds (0d 0h 10m 3s)

---------------  T H R E A D  ---------------

Current thread (0x0000029af611c9b0):  VMThread "VM Thread"          [id=17256, stack(0x000000d56fb00000,0x000000d56fc00000) (1024K)]

Stack: [0x000000d56fb00000,0x000000d56fc00000]
Native frames: (J=compiled Java code, j=interpreted, Vv=VM code, C=native code)
V  [jvm.dll+0x6cdee9]
V  [jvm.dll+0x8a83d1]
V  [jvm.dll+0x8aa8fe]
V  [jvm.dll+0x8aafe3]
V  [jvm.dll+0x27f706]
V  [jvm.dll+0xbfb37]
V  [jvm.dll+0x34679e]
V  [jvm.dll+0x34111e]
V  [jvm.dll+0x329a18]
V  [jvm.dll+0x36bca4]
V  [jvm.dll+0x8b0cff]
V  [jvm.dll+0x8b2084]
V  [jvm.dll+0x8b25c0]
V  [jvm.dll+0x8b2863]
V  [jvm.dll+0x851f8b]
V  [jvm.dll+0x6cc5ed]
C  [ucrtbase.dll+0x37b0]
C  [KERNEL32.DLL+0x2e8d7]
C  [ntdll.dll+0x9c5dc]

VM_Operation (0x000000d5705ff0a0): G1CollectFull, mode: safepoint, requested by thread 0x0000029afb429920


---------------  P R O C E S S  ---------------

Threads class SMR info:
_java_thread_list=0x0000029afc7f8400, length=19, elements={
0x0000029af6132a80, 0x0000029af61330e0, 0x0000029af613ad30, 0x0000029af613e650,
0x0000029af613bda0, 0x0000029af6144cd0, 0x0000029af6147340, 0x0000029af61ea990,
0x0000029af6295380, 0x0000029af680f5d0, 0x0000029af681e110, 0x0000029af6844f30,
0x0000029afb39fbd0, 0x0000029afb40ef30, 0x0000029afb427850, 0x0000029afb428570,
0x0000029afd9d08a0, 0x0000029afc9831a0, 0x0000029afb429920
}

Java Threads: ( => current thread )
  0x0000029af6132a80 JavaThread "Reference Handler"          daemon [_thread_blocked, id=10144, stack(0x000000d56fc00000,0x000000d56fd00000) (1024K)]
  0x0000029af61330e0 JavaThread "Finalizer"                  daemon [_thread_blocked, id=22056, stack(0x000000d56fd00000,0x000000d56fe00000) (1024K)]
  0x0000029af613ad30 JavaThread "Signal Dispatcher"          daemon [_thread_blocked, id=21124, stack(0x000000d56fe00000,0x000000d56ff00000) (1024K)]
  0x0000029af613e650 JavaThread "Attach Listener"            daemon [_thread_blocked, id=14520, stack(0x000000d56ff00000,0x000000d570000000) (1024K)]
  0x0000029af613bda0 JavaThread "Service Thread"             daemon [_thread_blocked, id=3768, stack(0x000000d570000000,0x000000d570100000) (1024K)]
  0x0000029af6144cd0 JavaThread "Monitor Deflation Thread"   daemon [_thread_blocked, id=19712, stack(0x000000d570100000,0x000000d570200000) (1024K)]
  0x0000029af6147340 JavaThread "C1 CompilerThread0"         daemon [_thread_blocked, id=19700, stack(0x000000d570200000,0x000000d570300000) (1024K)]
  0x0000029af61ea990 JavaThread "Common-Cleaner"             daemon [_thread_blocked, id=10648, stack(0x000000d570300000,0x000000d570400000) (1024K)]
  0x0000029af6295380 JavaThread "Notification Thread"        daemon [_thread_blocked, id=10704, stack(0x000000d570600000,0x000000d570700000) (1024K)]
  0x0000029af680f5d0 JavaThread "RMI TCP Accept-0"           daemon [_thread_in_native, id=13508, stack(0x000000d570800000,0x000000d570900000) (1024K)]
  0x0000029af681e110 JavaThread "RMI TCP Accept-13243"       daemon [_thread_in_native, id=20724, stack(0x000000d570900000,0x000000d570a00000) (1024K)]
  0x0000029af6844f30 JavaThread "RMI TCP Accept-0"           daemon [_thread_in_native, id=22428, stack(0x000000d570a00000,0x000000d570b00000) (1024K)]
  0x0000029afb39fbd0 JavaThread "RMI Scheduler(0)"           daemon [_thread_blocked, id=22136, stack(0x000000d571500000,0x000000d571600000) (1024K)]
  0x0000029afb40ef30 JavaThread "RMI TCP Connection(12)-127.0.0.1" daemon [_thread_in_native, id=15496, stack(0x000000d571600000,0x000000d571700000) (1024K)]
  0x0000029afb427850 JavaThread "JMX server connection timeout 38" daemon [_thread_blocked, id=21336, stack(0x000000d571700000,0x000000d571800000) (1024K)]
  0x0000029afb428570 JavaThread "mysql-cj-abandoned-connection-cleanup" daemon [_thread_blocked, id=19200, stack(0x000000d571c00000,0x000000d571d00000) (1024K)]
  0x0000029afd9d08a0 JavaThread "DestroyJavaVM"                     [_thread_blocked, id=11076, stack(0x000000d56f400000,0x000000d56f500000) (1024K)]
  0x0000029afc9831a0 JavaThread "C1 CompilerThread1"         daemon [_thread_blocked, id=22344, stack(0x000000d570400000,0x000000d570500000) (1024K)]
  0x0000029afb429920 JavaThread "Thread-13"                         [_thread_blocked, id=1860, stack(0x000000d570500000,0x000000d570600000) (1024K)]
Total: 19

Other Threads:
=>0x0000029af611c9b0 VMThread "VM Thread"                           [id=17256, stack(0x000000d56fb00000,0x000000d56fc00000) (1024K)]
  0x0000029af610ef50 WatcherThread "VM Periodic Task Thread"        [id=18852, stack(0x000000d56fa00000,0x000000d56fb00000) (1024K)]
  0x0000029aea5e1800 WorkerThread "GC Thread#0"                     [id=1704, stack(0x000000d56f500000,0x000000d56f600000) (1024K)]
  0x0000029af6b4df10 WorkerThread "GC Thread#1"                     [id=2728, stack(0x000000d570b00000,0x000000d570c00000) (1024K)]
  0x0000029af6c44400 WorkerThread "GC Thread#2"                     [id=14356, stack(0x000000d570c00000,0x000000d570d00000) (1024K)]
  0x0000029af6c447a0 WorkerThread "GC Thread#3"                     [id=21088, stack(0x000000d570d00000,0x000000d570e00000) (1024K)]
  0x0000029af6c45b60 WorkerThread "GC Thread#4"                     [id=17372, stack(0x000000d570e00000,0x000000d570f00000) (1024K)]
  0x0000029af6c45f00 WorkerThread "GC Thread#5"                     [id=15676, stack(0x000000d570f00000,0x000000d571000000) (1024K)]
  0x0000029af6c462a0 WorkerThread "GC Thread#6"                     [id=13172, stack(0x000000d571000000,0x000000d571100000) (1024K)]
  0x0000029af6c4ee80 WorkerThread "GC Thread#7"                     [id=17756, stack(0x000000d571100000,0x000000d571200000) (1024K)]
  0x0000029aea5f1ef0 ConcurrentGCThread "G1 Main Marker"            [id=15168, stack(0x000000d56f600000,0x000000d56f700000) (1024K)]
  0x0000029aea5f3f20 WorkerThread "G1 Conc#0"                       [id=13636, stack(0x000000d56f700000,0x000000d56f800000) (1024K)]
  0x0000029afb4a7d40 WorkerThread "G1 Conc#1"                       [id=7344, stack(0x000000d571900000,0x000000d571a00000) (1024K)]
  0x0000029af5fdd5c0 ConcurrentGCThread "G1 Refine#0"               [id=13372, stack(0x000000d56f800000,0x000000d56f900000) (1024K)]
  0x0000029af5fdd9f0 ConcurrentGCThread "G1 Service"                [id=21440, stack(0x000000d56f900000,0x000000d56fa00000) (1024K)]
Total: 15

Threads with active compile tasks:
C1 CompilerThread0  603982 11095  s    1       org.apache.tomcat.util.modeler.Registry::getRegistry (70 bytes)
Total: 1

VM state: at safepoint (normal execution)

VM Mutex/Monitor currently owned by a thread:  ([mutex/lock_event])
[0x00007ffbe2a9e380] Threads_lock - owner thread: 0x0000029af611c9b0
[0x00007ffbe2a9e480] Heap_lock - owner thread: 0x0000029afb429920

Heap address: 0x0000000084000000, size: 1984 MB, Compressed Oops mode: 32-bit

CDS archive(s) mapped at: [0x0000029a80000000-0x0000029a80c80000-0x0000029a80c80000), size 13107200, SharedBaseAddress: 0x0000029a80000000, ArchiveRelocationMode: 1.
Compressed class space mapped at: 0x0000029a81000000-0x0000029ac1000000, reserved size: 1073741824
Narrow klass base: 0x0000029a80000000, Narrow klass shift: 0, Narrow klass range: 0x100000000

GC Precious Log:
 CardTable entry size: 512
 Card Set container configuration: InlinePtr #cards 5 size 8 Array Of Cards #cards 12 size 40 Howl #buckets 4 coarsen threshold 1843 Howl Bitmap #cards 512 size 80 coarsen threshold 460 Card regions per heap region 1 cards per card region 2048
 CPUs: 8 total, 8 available
 Memory: 7930M
 Large Page Support: Disabled
 NUMA Support: Disabled
 Compressed Oops: Enabled (32-bit)
 Heap Region Size: 1M
 Heap Min Capacity: 8M
 Heap Initial Capacity: 124M
 Heap Max Capacity: 1984M
 Pre-touch: Disabled
 Parallel Workers: 8
 Concurrent Workers: 2
 Concurrent Refinement Workers: 8
 Periodic GC: Disabled

Heap:
 garbage-first heap   total 79872K, used 65836K [0x0000000084000000, 0x0000000100000000)
  region size 1024K, 32 young (32768K), 4 survivors (4096K)
 Metaspace       used 79573K, committed 80448K, reserved 1179648K
  class space    used 11191K, committed 11584K, reserved 1048576K

Heap Regions: E=young(eden), S=young(survivor), O=old, HS=humongous(starts), HC=humongous(continues), CS=collection set, F=free, TAMS=top-at-mark-start, PB=parsable bottom
|   0|0x0000000084000000, 0x0000000084100000, 0x0000000084100000|100%|HS|  |TAMS 0x0000000084000000| PB 0x0000000084000000| Complete 
|   1|0x0000000084100000, 0x0000000084200000, 0x0000000084200000|100%|HS|  |TAMS 0x0000000084100000| PB 0x0000000084100000| Complete 
|   2|0x0000000084200000, 0x0000000084300000, 0x0000000084300000|100%| O|  |TAMS 0x0000000084200000| PB 0x0000000084200000| Untracked 
|   3|0x0000000084300000, 0x0000000084400000, 0x0000000084400000|100%| O|  |TAMS 0x0000000084300000| PB 0x0000000084300000| Untracked 
|   4|0x0000000084400000, 0x0000000084500000, 0x0000000084500000|100%| O|  |TAMS 0x0000000084400000| PB 0x0000000084400000| Untracked 
|   5|0x0000000084500000, 0x00000000845ffff8, 0x0000000084600000| 99%| O|  |TAMS 0x0000000084500000| PB 0x0000000084500000| Untracked 
|   6|0x0000000084600000, 0x00000000846fffe0, 0x0000000084700000| 99%| O|  |TAMS 0x0000000084600000| PB 0x0000000084600000| Untracked 
|   7|0x0000000084700000, 0x00000000847ffff8, 0x0000000084800000| 99%| O|  |TAMS 0x0000000084700000| PB 0x0000000084700000| Untracked 
|   8|0x0000000084800000, 0x00000000848ffff0, 0x0000000084900000| 99%| O|  |TAMS 0x0000000084800000| PB 0x0000000084800000| Untracked 
|   9|0x0000000084900000, 0x00000000849fffb8, 0x0000000084a00000| 99%| O|  |TAMS 0x0000000084900000| PB 0x0000000084900000| Untracked 
|  10|0x0000000084a00000, 0x0000000084b00000, 0x0000000084b00000|100%| O|  |TAMS 0x0000000084a00000| PB 0x0000000084a00000| Untracked 
|  11|0x0000000084b00000, 0x0000000084bfef20, 0x0000000084c00000| 99%| O|  |TAMS 0x0000000084b00000| PB 0x0000000084b00000| Untracked 
|  12|0x0000000084c00000, 0x0000000084cffff0, 0x0000000084d00000| 99%| O|  |TAMS 0x0000000084c00000| PB 0x0000000084c00000| Untracked 
|  13|0x0000000084d00000, 0x0000000084dffff8, 0x0000000084e00000| 99%| O|  |TAMS 0x0000000084d00000| PB 0x0000000084d00000| Untracked 
|  14|0x0000000084e00000, 0x0000000084efffe8, 0x0000000084f00000| 99%| O|  |TAMS 0x0000000084e00000| PB 0x0000000084e00000| Untracked 
|  15|0x0000000084f00000, 0x0000000084ffffe0, 0x0000000085000000| 99%| O|  |TAMS 0x0000000084f00000| PB 0x0000000084f00000| Untracked 
|  16|0x0000000085000000, 0x00000000850ffff8, 0x0000000085100000| 99%| O|  |TAMS 0x0000000085000000| PB 0x0000000085000000| Untracked 
|  17|0x0000000085100000, 0x00000000851ffff8, 0x0000000085200000| 99%| O|  |TAMS 0x0000000085100000| PB 0x0000000085100000| Untracked 
|  18|0x0000000085200000, 0x0000000085300000, 0x0000000085300000|100%| O|  |TAMS 0x0000000085200000| PB 0x0000000085200000| Untracked 
|  19|0x0000000085300000, 0x0000000085400000, 0x0000000085400000|100%| O|  |TAMS 0x0000000085300000| PB 0x0000000085300000| Untracked 
|  20|0x0000000085400000, 0x00000000854ffff0, 0x0000000085500000| 99%| O|  |TAMS 0x0000000085400000| PB 0x0000000085400000| Untracked 
|  21|0x0000000085500000, 0x00000000855fff78, 0x0000000085600000| 99%| O|  |TAMS 0x0000000085500000| PB 0x0000000085500000| Untracked 
|  22|0x0000000085600000, 0x0000000085700000, 0x0000000085700000|100%| O|  |TAMS 0x0000000085600000| PB 0x0000000085600000| Untracked 
|  23|0x0000000085700000, 0x00000000857ffff0, 0x0000000085800000| 99%| O|  |TAMS 0x0000000085700000| PB 0x0000000085700000| Untracked 
|  24|0x0000000085800000, 0x00000000858fff60, 0x0000000085900000| 99%| O|  |TAMS 0x0000000085800000| PB 0x0000000085800000| Untracked 
|  25|0x0000000085900000, 0x00000000859fffe8, 0x0000000085a00000| 99%| O|  |TAMS 0x0000000085900000| PB 0x0000000085900000| Untracked 
|  26|0x0000000085a00000, 0x0000000085abba48, 0x0000000085b00000| 73%| O|  |TAMS 0x0000000085a00000| PB 0x0000000085a00000| Untracked 
|  27|0x0000000085b00000, 0x0000000085ba8e60, 0x0000000085c00000| 65%| O|Cm|TAMS 0x0000000085b00000| PB 0x0000000085b00000| Complete 
|  28|0x0000000085c00000, 0x0000000085ce3d30, 0x0000000085d00000| 88%| O|  |TAMS 0x0000000085c00000| PB 0x0000000085c00000| Untracked 
|  29|0x0000000085d00000, 0x0000000085dfeab8, 0x0000000085e00000| 99%| O|  |TAMS 0x0000000085d00000| PB 0x0000000085d00000| Untracked 
|  30|0x0000000085e00000, 0x0000000085ed4b50, 0x0000000085f00000| 83%| O|  |TAMS 0x0000000085e00000| PB 0x0000000085e00000| Untracked 
|  31|0x0000000085f00000, 0x0000000086000000, 0x0000000086000000|100%| O|  |TAMS 0x0000000085f00000| PB 0x0000000085f00000| Untracked 
|  32|0x0000000086000000, 0x0000000086100000, 0x0000000086100000|100%| O|  |TAMS 0x0000000086000000| PB 0x0000000086000000| Untracked 
|  33|0x0000000086100000, 0x0000000086200000, 0x0000000086200000|100%| O|  |TAMS 0x0000000086100000| PB 0x0000000086100000| Untracked 
|  34|0x0000000086200000, 0x0000000086268040, 0x0000000086300000| 40%| O|  |TAMS 0x0000000086200000| PB 0x0000000086200000| Untracked 
|  35|0x0000000086300000, 0x0000000086300000, 0x0000000086400000|  0%| F|  |TAMS 0x0000000086300000| PB 0x0000000086300000| Untracked 
|  36|0x0000000086400000, 0x0000000086400000, 0x0000000086500000|  0%| F|  |TAMS 0x0000000086400000| PB 0x0000000086400000| Untracked 
|  37|0x0000000086500000, 0x0000000086500000, 0x0000000086600000|  0%| F|  |TAMS 0x0000000086500000| PB 0x0000000086500000| Untracked 
|  38|0x0000000086600000, 0x0000000086600000, 0x0000000086700000|  0%| F|  |TAMS 0x0000000086600000| PB 0x0000000086600000| Untracked 
|  39|0x0000000086700000, 0x00000000867c8960, 0x0000000086800000| 78%| S|CS|TAMS 0x0000000086700000| PB 0x0000000086700000| Complete 
|  40|0x0000000086800000, 0x0000000086900000, 0x0000000086900000|100%| S|CS|TAMS 0x0000000086800000| PB 0x0000000086800000| Complete 
|  41|0x0000000086900000, 0x0000000086900000, 0x0000000086a00000|  0%| F|  |TAMS 0x0000000086900000| PB 0x0000000086900000| Untracked 
|  42|0x0000000086a00000, 0x0000000086a00000, 0x0000000086b00000|  0%| F|  |TAMS 0x0000000086a00000| PB 0x0000000086a00000| Untracked 
|  43|0x0000000086b00000, 0x0000000086b00000, 0x0000000086c00000|  0%| F|  |TAMS 0x0000000086b00000| PB 0x0000000086b00000| Untracked 
|  44|0x0000000086c00000, 0x0000000086d00000, 0x0000000086d00000|100%| S|CS|TAMS 0x0000000086c00000| PB 0x0000000086c00000| Complete 
|  45|0x0000000086d00000, 0x0000000086e00000, 0x0000000086e00000|100%| S|CS|TAMS 0x0000000086d00000| PB 0x0000000086d00000| Complete 
|  46|0x0000000086e00000, 0x0000000086e00000, 0x0000000086f00000|  0%| F|  |TAMS 0x0000000086e00000| PB 0x0000000086e00000| Untracked 
|  47|0x0000000086f00000, 0x0000000086f00000, 0x0000000087000000|  0%| F|  |TAMS 0x0000000086f00000| PB 0x0000000086f00000| Untracked 
|  48|0x0000000087000000, 0x0000000087000000, 0x0000000087100000|  0%| F|  |TAMS 0x0000000087000000| PB 0x0000000087000000| Untracked 
|  49|0x0000000087100000, 0x0000000087100000, 0x0000000087200000|  0%| F|  |TAMS 0x0000000087100000| PB 0x0000000087100000| Untracked 
|  50|0x0000000087200000, 0x0000000087300000, 0x0000000087300000|100%| E|  |TAMS 0x0000000087200000| PB 0x0000000087200000| Complete 
|  51|0x0000000087300000, 0x0000000087400000, 0x0000000087400000|100%| E|CS|TAMS 0x0000000087300000| PB 0x0000000087300000| Complete 
|  52|0x0000000087400000, 0x0000000087500000, 0x0000000087500000|100%| E|CS|TAMS 0x0000000087400000| PB 0x0000000087400000| Complete 
|  53|0x0000000087500000, 0x0000000087600000, 0x0000000087600000|100%| E|CS|TAMS 0x0000000087500000| PB 0x0000000087500000| Complete 
|  54|0x0000000087600000, 0x0000000087700000, 0x0000000087700000|100%| E|CS|TAMS 0x0000000087600000| PB 0x0000000087600000| Complete 
|  55|0x0000000087700000, 0x0000000087800000, 0x0000000087800000|100%| E|CS|TAMS 0x0000000087700000| PB 0x0000000087700000| Complete 
|  56|0x0000000087800000, 0x0000000087900000, 0x0000000087900000|100%| E|CS|TAMS 0x0000000087800000| PB 0x0000000087800000| Complete 
|  57|0x0000000087900000, 0x0000000087a00000, 0x0000000087a00000|100%| E|CS|TAMS 0x0000000087900000| PB 0x0000000087900000| Complete 
|  58|0x0000000087a00000, 0x0000000087b00000, 0x0000000087b00000|100%| E|CS|TAMS 0x0000000087a00000| PB 0x0000000087a00000| Complete 
|  59|0x0000000087b00000, 0x0000000087c00000, 0x0000000087c00000|100%| E|CS|TAMS 0x0000000087b00000| PB 0x0000000087b00000| Complete 
|  60|0x0000000087c00000, 0x0000000087d00000, 0x0000000087d00000|100%| E|CS|TAMS 0x0000000087c00000| PB 0x0000000087c00000| Complete 
|  61|0x0000000087d00000, 0x0000000087e00000, 0x0000000087e00000|100%| E|CS|TAMS 0x0000000087d00000| PB 0x0000000087d00000| Complete 
|  62|0x0000000087e00000, 0x0000000087f00000, 0x0000000087f00000|100%| E|CS|TAMS 0x0000000087e00000| PB 0x0000000087e00000| Complete 
|  63|0x0000000087f00000, 0x0000000088000000, 0x0000000088000000|100%| E|CS|TAMS 0x0000000087f00000| PB 0x0000000087f00000| Complete 
|  64|0x0000000088000000, 0x0000000088100000, 0x0000000088100000|100%| E|CS|TAMS 0x0000000088000000| PB 0x0000000088000000| Complete 
|  65|0x0000000088100000, 0x0000000088200000, 0x0000000088200000|100%| E|CS|TAMS 0x0000000088100000| PB 0x0000000088100000| Complete 
|  66|0x0000000088200000, 0x0000000088300000, 0x0000000088300000|100%| E|CS|TAMS 0x0000000088200000| PB 0x0000000088200000| Complete 
|  67|0x0000000088300000, 0x0000000088400000, 0x0000000088400000|100%| E|CS|TAMS 0x0000000088300000| PB 0x0000000088300000| Complete 
|  68|0x0000000088400000, 0x0000000088500000, 0x0000000088500000|100%| E|CS|TAMS 0x0000000088400000| PB 0x0000000088400000| Complete 
|  69|0x0000000088500000, 0x0000000088600000, 0x0000000088600000|100%| E|CS|TAMS 0x0000000088500000| PB 0x0000000088500000| Complete 
|  70|0x0000000088600000, 0x0000000088700000, 0x0000000088700000|100%| E|CS|TAMS 0x0000000088600000| PB 0x0000000088600000| Complete 
|  80|0x0000000089000000, 0x0000000089100000, 0x0000000089100000|100%| E|CS|TAMS 0x0000000089000000| PB 0x0000000089000000| Complete 
|  81|0x0000000089100000, 0x0000000089200000, 0x0000000089200000|100%| E|CS|TAMS 0x0000000089100000| PB 0x0000000089100000| Complete 
|  82|0x0000000089200000, 0x0000000089300000, 0x0000000089300000|100%| E|CS|TAMS 0x0000000089200000| PB 0x0000000089200000| Complete 
|  83|0x0000000089300000, 0x0000000089400000, 0x0000000089400000|100%| E|CS|TAMS 0x0000000089300000| PB 0x0000000089300000| Complete 
|  84|0x0000000089400000, 0x0000000089500000, 0x0000000089500000|100%| E|CS|TAMS 0x0000000089400000| PB 0x0000000089400000| Complete 
| 123|0x000000008bb00000, 0x000000008bc00000, 0x000000008bc00000|100%| E|CS|TAMS 0x000000008bb00000| PB 0x000000008bb00000| Complete 
|1983|0x00000000fff00000, 0x0000000100000000, 0x0000000100000000|100%| E|CS|TAMS 0x00000000fff00000| PB 0x00000000fff00000| Complete 

Card table byte_map: [0x0000029af1410000,0x0000029af17f0000] _byte_map_base: 0x0000029af0ff0000

Marking Bits: (CMBitMap*) 0x0000029aea5e1e10
 Bits: [0x0000029af17f0000, 0x0000029af36f0000)

Polling page: 0x0000029ae9cb0000

Metaspace:

Usage:
  Non-class:     66.78 MB used.
      Class:     10.93 MB used.
       Both:     77.71 MB used.

Virtual space:
  Non-class space:      128.00 MB reserved,      67.25 MB ( 53%) committed,  2 nodes.
      Class space:        1.00 GB reserved,      11.31 MB (  1%) committed,  1 nodes.
             Both:        1.12 GB reserved,      78.56 MB (  7%) committed. 

Chunk freelists:
   Non-Class:  12.68 MB
       Class:  4.73 MB
        Both:  17.41 MB

MaxMetaspaceSize: unlimited
CompressedClassSpaceSize: 1.00 GB
Initial GC threshold: 21.00 MB
Current GC threshold: 130.56 MB
CDS: on
 - commit_granule_bytes: 65536.
 - commit_granule_words: 8192.
 - virtual_space_node_default_size: 8388608.
 - enlarge_chunks_in_place: 1.
 - use_allocation_guard: 0.


Internal statistics:

num_allocs_failed_limit: 3.
num_arena_births: 2014.
num_arena_deaths: 996.
num_vsnodes_births: 3.
num_vsnodes_deaths: 0.
num_space_committed: 1257.
num_space_uncommitted: 0.
num_chunks_returned_to_freelist: 1212.
num_chunks_taken_from_freelist: 5607.
num_chunk_merges: 258.
num_chunk_splits: 3296.
num_chunks_enlarged: 2325.
num_inconsistent_stats: 0.

CodeCache: size=49152Kb used=15557Kb max_used=16098Kb free=33594Kb
 bounds [0x0000029aedf10000, 0x0000029aeeed0000, 0x0000029af0f10000]
 total_blobs=8508 nmethods=7752 adapters=677
 compilation: enabled
              stopped_count=0, restarted_count=0
 full_count=0

Compilation events (20 events):
Event: 602.916 Thread 0x0000029afc9831a0 nmethod 11083 0x0000029aeee97e90 code [0x0000029aeee98020, 0x0000029aeee98108]
Event: 602.917 Thread 0x0000029afc9831a0 11085       1       sun.net.www.ParseUtil::encodePath (361 bytes)
Event: 602.917 Thread 0x0000029afc9831a0 nmethod 11085 0x0000029aeee96710 code [0x0000029aeee96980, 0x0000029aeee97440]
Event: 602.918 Thread 0x0000029afc9831a0 11086   !   1       java.util.concurrent.locks.LockSupport::park (47 bytes)
Event: 602.919 Thread 0x0000029afc9831a0 nmethod 11086 0x0000029aeee96110 code [0x0000029aeee962e0, 0x0000029aeee965e8]
Event: 602.919 Thread 0x0000029afc9831a0 11087       1       java.util.logging.LogManager::getLogManager (16 bytes)
Event: 602.919 Thread 0x0000029afc9831a0 nmethod 11087 0x0000029aeee95e10 code [0x0000029aeee95fc0, 0x0000029aeee96098]
Event: 602.920 Thread 0x0000029afc9831a0 11088       1       sun.util.logging.internal.LoggingProviderImpl$JULWrapper::isLoggable (12 bytes)
Event: 602.920 Thread 0x0000029afc9831a0 nmethod 11088 0x0000029aeee95a10 code [0x0000029aeee95bc0, 0x0000029aeee95ce8]
Event: 602.931 Thread 0x0000029af6147340 11091       1       org.springframework.util.ConcurrentReferenceHashMap$EntryIterator::moveToNextSegment (55 bytes)
Event: 602.931 Thread 0x0000029afc9831a0 11090       1       java.util.concurrent.ConcurrentHashMap$BaseIterator::remove (37 bytes)
Event: 602.932 Thread 0x0000029afc9831a0 nmethod 11090 0x0000029aeee95190 code [0x0000029aeee95340, 0x0000029aeee95518]
Event: 602.932 Thread 0x0000029af6147340 nmethod 11091 0x0000029aeee94d10 code [0x0000029aeee94ec0, 0x0000029aeee95088]
Event: 602.932 Thread 0x0000029afc9831a0 11092       1       org.apache.catalina.core.StandardContext::getInstanceManager (5 bytes)
Event: 602.932 Thread 0x0000029afc9831a0 nmethod 11092 0x0000029aeee94a10 code [0x0000029aeee94ba0, 0x0000029aeee94c70]
Event: 602.932 Thread 0x0000029af6147340 11093       1       org.apache.catalina.ContainerEvent::getType (5 bytes)
Event: 602.932 Thread 0x0000029af6147340 nmethod 11093 0x0000029aeee94710 code [0x0000029aeee948a0, 0x0000029aeee94968]
Event: 602.933 Thread 0x0000029afc9831a0 11094       1       java.util.concurrent.CopyOnWriteArrayList::remove (34 bytes)
Event: 602.934 Thread 0x0000029afc9831a0 nmethod 11094 0x0000029aeee94310 code [0x0000029aeee944c0, 0x0000029aeee94620]
Event: 602.934 Thread 0x0000029af6147340 11095  s    1       org.apache.tomcat.util.modeler.Registry::getRegistry (70 bytes)

GC Heap History (20 events):
Event: 472.871 GC heap after
{Heap after GC invocations=36 (full 1):
 garbage-first heap   total 79872K, used 39518K [0x0000000084000000, 0x0000000100000000)
  region size 1024K, 5 young (5120K), 5 survivors (5120K)
 Metaspace       used 78336K, committed 79168K, reserved 1179648K
  class space    used 11068K, committed 11456K, reserved 1048576K
}
Event: 566.614 GC heap before
{Heap before GC invocations=36 (full 1):
 garbage-first heap   total 79872K, used 47710K [0x0000000084000000, 0x0000000100000000)
  region size 1024K, 14 young (14336K), 5 survivors (5120K)
 Metaspace       used 78339K, committed 79168K, reserved 1179648K
  class space    used 11069K, committed 11456K, reserved 1048576K
}
Event: 566.706 GC heap after
{Heap after GC invocations=37 (full 2):
 garbage-first heap   total 79872K, used 26206K [0x0000000084000000, 0x0000000100000000)
  region size 1024K, 0 young (0K), 0 survivors (0K)
 Metaspace       used 78063K, committed 79168K, reserved 1179648K
  class space    used 10998K, committed 11456K, reserved 1048576K
}
Event: 567.183 GC heap before
{Heap before GC invocations=37 (full 2):
 garbage-first heap   total 79872K, used 66142K [0x0000000084000000, 0x0000000100000000)
  region size 1024K, 40 young (40960K), 0 survivors (0K)
 Metaspace       used 78317K, committed 79168K, reserved 1179648K
  class space    used 11043K, committed 11456K, reserved 1048576K
}
Event: 567.188 GC heap after
{Heap after GC invocations=38 (full 2):
 garbage-first heap   total 79872K, used 30985K [0x0000000084000000, 0x0000000100000000)
  region size 1024K, 5 young (5120K), 5 survivors (5120K)
 Metaspace       used 78317K, committed 79168K, reserved 1179648K
  class space    used 11043K, committed 11456K, reserved 1048576K
}
Event: 567.652 GC heap before
{Heap before GC invocations=39 (full 2):
 garbage-first heap   total 79872K, used 65801K [0x0000000084000000, 0x0000000100000000)
  region size 1024K, 40 young (40960K), 5 survivors (5120K)
 Metaspace       used 78596K, committed 79360K, reserved 1179648K
  class space    used 11081K, committed 11456K, reserved 1048576K
}
Event: 567.656 GC heap after
{Heap after GC invocations=40 (full 2):
 garbage-first heap   total 79872K, used 34277K [0x0000000084000000, 0x0000000100000000)
  region size 1024K, 4 young (4096K), 4 survivors (4096K)
 Metaspace       used 78596K, committed 79360K, reserved 1179648K
  class space    used 11081K, committed 11456K, reserved 1048576K
}
Event: 567.928 GC heap before
{Heap before GC invocations=40 (full 2):
 garbage-first heap   total 79872K, used 67045K [0x0000000084000000, 0x0000000100000000)
  region size 1024K, 36 young (36864K), 4 survivors (4096K)
 Metaspace       used 78907K, committed 79744K, reserved 1179648K
  class space    used 11114K, committed 11520K, reserved 1048576K
}
Event: 567.932 GC heap after
{Heap after GC invocations=41 (full 2):
 garbage-first heap   total 79872K, used 36860K [0x0000000084000000, 0x0000000100000000)
  region size 1024K, 3 young (3072K), 3 survivors (3072K)
 Metaspace       used 78907K, committed 79744K, reserved 1179648K
  class space    used 11114K, committed 11520K, reserved 1048576K
}
Event: 598.138 GC heap before
{Heap before GC invocations=41 (full 2):
 garbage-first heap   total 79872K, used 69628K [0x0000000084000000, 0x0000000100000000)
  region size 1024K, 35 young (35840K), 3 survivors (3072K)
 Metaspace       used 78992K, committed 79872K, reserved 1179648K
  class space    used 11136K, committed 11520K, reserved 1048576K
}
Event: 598.143 GC heap after
{Heap after GC invocations=42 (full 2):
 garbage-first heap   total 79872K, used 39008K [0x0000000084000000, 0x0000000100000000)
  region size 1024K, 5 young (5120K), 5 survivors (5120K)
 Metaspace       used 78992K, committed 79872K, reserved 1179648K
  class space    used 11136K, committed 11520K, reserved 1048576K
}
Event: 598.155 GC heap before
{Heap before GC invocations=42 (full 2):
 garbage-first heap   total 79872K, used 39008K [0x0000000084000000, 0x0000000100000000)
  region size 1024K, 6 young (6144K), 5 survivors (5120K)
 Metaspace       used 78995K, committed 79872K, reserved 1179648K
  class space    used 11136K, committed 11520K, reserved 1048576K
}
Event: 598.197 GC heap after
{Heap after GC invocations=43 (full 3):
 garbage-first heap   total 79872K, used 30826K [0x0000000084000000, 0x0000000100000000)
  region size 1024K, 0 young (0K), 0 survivors (0K)
 Metaspace       used 78889K, committed 79872K, reserved 1179648K
  class space    used 11111K, committed 11520K, reserved 1048576K
}
Event: 598.489 GC heap before
{Heap before GC invocations=43 (full 3):
 garbage-first heap   total 79872K, used 68714K [0x0000000084000000, 0x0000000100000000)
  region size 1024K, 37 young (37888K), 0 survivors (0K)
 Metaspace       used 79087K, committed 79936K, reserved 1179648K
  class space    used 11146K, committed 11520K, reserved 1048576K
}
Event: 598.492 GC heap after
{Heap after GC invocations=44 (full 3):
 garbage-first heap   total 79872K, used 34816K [0x0000000084000000, 0x0000000100000000)
  region size 1024K, 4 young (4096K), 4 survivors (4096K)
 Metaspace       used 79087K, committed 79936K, reserved 1179648K
  class space    used 11146K, committed 11520K, reserved 1048576K
}
Event: 598.807 GC heap before
{Heap before GC invocations=44 (full 3):
 garbage-first heap   total 79872K, used 68608K [0x0000000084000000, 0x0000000100000000)
  region size 1024K, 38 young (38912K), 4 survivors (4096K)
 Metaspace       used 79332K, committed 80128K, reserved 1179648K
  class space    used 11171K, committed 11520K, reserved 1048576K
}
Event: 598.811 GC heap after
{Heap after GC invocations=45 (full 3):
 garbage-first heap   total 79872K, used 36544K [0x0000000084000000, 0x0000000100000000)
  region size 1024K, 3 young (3072K), 3 survivors (3072K)
 Metaspace       used 79332K, committed 80128K, reserved 1179648K
  class space    used 11171K, committed 11520K, reserved 1048576K
}
Event: 599.131 GC heap before
{Heap before GC invocations=46 (full 3):
 garbage-first heap   total 79872K, used 69312K [0x0000000084000000, 0x0000000100000000)
  region size 1024K, 35 young (35840K), 3 survivors (3072K)
 Metaspace       used 79554K, committed 80384K, reserved 1179648K
  class space    used 11188K, committed 11584K, reserved 1048576K
}
Event: 599.134 GC heap after
{Heap after GC invocations=47 (full 3):
 garbage-first heap   total 79872K, used 38188K [0x0000000084000000, 0x0000000100000000)
  region size 1024K, 4 young (4096K), 4 survivors (4096K)
 Metaspace       used 79554K, committed 80384K, reserved 1179648K
  class space    used 11188K, committed 11584K, reserved 1048576K
}
Event: 602.934 GC heap before
{Heap before GC invocations=47 (full 3):
 garbage-first heap   total 79872K, used 65836K [0x0000000084000000, 0x0000000100000000)
  region size 1024K, 32 young (32768K), 4 survivors (4096K)
 Metaspace       used 79573K, committed 80448K, reserved 1179648K
  class space    used 11191K, committed 11584K, reserved 1048576K
}

Dll operation events (11 events):
Event: 0.010 Loaded shared library S:\adv_java\javaSoftwares\sts-4.30.0.RELEASE\plugins\org.eclipse.justj.openjdk.hotspot.jre.full.win32.x86_64_21.0.6.v20250130-0529\jre\bin\java.dll
Event: 0.047 Loaded shared library S:\adv_java\javaSoftwares\sts-4.30.0.RELEASE\plugins\org.eclipse.justj.openjdk.hotspot.jre.full.win32.x86_64_21.0.6.v20250130-0529\jre\bin\zip.dll
Event: 0.169 Loaded shared library S:\adv_java\javaSoftwares\sts-4.30.0.RELEASE\plugins\org.eclipse.justj.openjdk.hotspot.jre.full.win32.x86_64_21.0.6.v20250130-0529\jre\bin\jimage.dll
Event: 0.175 Loaded shared library S:\adv_java\javaSoftwares\sts-4.30.0.RELEASE\plugins\org.eclipse.justj.openjdk.hotspot.jre.full.win32.x86_64_21.0.6.v20250130-0529\jre\bin\net.dll
Event: 0.177 Loaded shared library S:\adv_java\javaSoftwares\sts-4.30.0.RELEASE\plugins\org.eclipse.justj.openjdk.hotspot.jre.full.win32.x86_64_21.0.6.v20250130-0529\jre\bin\nio.dll
Event: 0.180 Loaded shared library S:\adv_java\javaSoftwares\sts-4.30.0.RELEASE\plugins\org.eclipse.justj.openjdk.hotspot.jre.full.win32.x86_64_21.0.6.v20250130-0529\jre\bin\zip.dll
Event: 0.254 Loaded shared library S:\adv_java\javaSoftwares\sts-4.30.0.RELEASE\plugins\org.eclipse.justj.openjdk.hotspot.jre.full.win32.x86_64_21.0.6.v20250130-0529\jre\bin\management.dll
Event: 0.269 Loaded shared library S:\adv_java\javaSoftwares\sts-4.30.0.RELEASE\plugins\org.eclipse.justj.openjdk.hotspot.jre.full.win32.x86_64_21.0.6.v20250130-0529\jre\bin\management_ext.dll
Event: 0.573 Loaded shared library S:\adv_java\javaSoftwares\sts-4.30.0.RELEASE\plugins\org.eclipse.justj.openjdk.hotspot.jre.full.win32.x86_64_21.0.6.v20250130-0529\jre\bin\extnet.dll
Event: 2.038 Loaded shared library S:\adv_java\javaSoftwares\sts-4.30.0.RELEASE\plugins\org.eclipse.justj.openjdk.hotspot.jre.full.win32.x86_64_21.0.6.v20250130-0529\jre\bin\sunmscapi.dll
Event: 3.863 Loaded shared library S:\adv_java\javaSoftwares\sts-4.30.0.RELEASE\plugins\org.eclipse.justj.openjdk.hotspot.jre.full.win32.x86_64_21.0.6.v20250130-0529\jre\bin\verify.dll

Deoptimization events (0 events):
No events

Classes loaded (20 events):
Event: 413.079 Loading class java/util/concurrent/locks/AbstractQueuedSynchronizer$SharedNode
Event: 413.079 Loading class java/util/concurrent/locks/AbstractQueuedSynchronizer$SharedNode done
Event: 413.113 Loading class sun/security/ssl/Alert
Event: 413.114 Loading class sun/security/ssl/Alert done
Event: 413.114 Loading class sun/security/ssl/Alert$AlertConsumer
Event: 413.115 Loading class sun/security/ssl/Alert$AlertConsumer done
Event: 413.115 Loading class sun/security/ssl/Alert$Level
Event: 413.115 Loading class sun/security/ssl/Alert$Level done
Event: 413.117 Loading class sun/net/ConnectionResetException
Event: 413.117 Loading class sun/net/ConnectionResetException done
Event: 413.133 Loading class java/util/WeakHashMap$KeyIterator
Event: 413.133 Loading class java/util/WeakHashMap$KeyIterator done
Event: 413.204 Loading class java/lang/ref/Finalizer$2
Event: 413.205 Loading class java/lang/ref/Finalizer$2 done
Event: 413.205 Loading class java/lang/ref/Finalizer$1
Event: 413.205 Loading class java/lang/ref/Finalizer$1 done
Event: 414.732 Loading class java/time/DurationEditor
Event: 414.732 Loading class java/time/DurationEditor done
Event: 567.860 Loading class java/time/DurationEditor
Event: 567.860 Loading class java/time/DurationEditor done

Classes unloaded (20 events):
Event: 598.168 Thread 0x0000029af611c9b0 Unloading class 0x0000029a81b11800 'java/lang/invoke/LambdaForm$MH+0x0000029a81b11800'
Event: 598.168 Thread 0x0000029af611c9b0 Unloading class 0x0000029a81a26c00 'java/lang/invoke/LambdaForm$MH+0x0000029a81a26c00'
Event: 598.168 Thread 0x0000029af611c9b0 Unloading class 0x0000029a81a28000 'java/lang/invoke/LambdaForm$MH+0x0000029a81a28000'
Event: 598.168 Thread 0x0000029af611c9b0 Unloading class 0x0000029a81a59400 'java/lang/invoke/LambdaForm$MH+0x0000029a81a59400'
Event: 598.168 Thread 0x0000029af611c9b0 Unloading class 0x0000029a81a59000 'java/lang/invoke/LambdaForm$MH+0x0000029a81a59000'
Event: 598.168 Thread 0x0000029af611c9b0 Unloading class 0x0000029a81af8c00 'java/lang/invoke/LambdaForm$MH+0x0000029a81af8c00'
Event: 598.168 Thread 0x0000029af611c9b0 Unloading class 0x0000029a81b01800 'java/lang/invoke/LambdaForm$MH+0x0000029a81b01800'
Event: 598.168 Thread 0x0000029af611c9b0 Unloading class 0x0000029a81b03800 'java/lang/invoke/LambdaForm$MH+0x0000029a81b03800'
Event: 598.168 Thread 0x0000029af611c9b0 Unloading class 0x0000029a81b27800 'org/apache/catalina/loader/JdbcLeakPrevention'
Event: 598.168 Thread 0x0000029af611c9b0 Unloading class 0x0000029a81a28800 'java/lang/invoke/LambdaForm$MH+0x0000029a81a28800'
Event: 598.168 Thread 0x0000029af611c9b0 Unloading class 0x0000029a81a2a000 'java/lang/invoke/LambdaForm$MH+0x0000029a81a2a000'
Event: 598.168 Thread 0x0000029af611c9b0 Unloading class 0x0000029a81a6c000 'java/lang/invoke/LambdaForm$MH+0x0000029a81a6c000'
Event: 598.168 Thread 0x0000029af611c9b0 Unloading class 0x0000029a81a80000 'java/lang/invoke/LambdaForm$MH+0x0000029a81a80000'
Event: 598.168 Thread 0x0000029af611c9b0 Unloading class 0x0000029a819bc800 'java/lang/invoke/LambdaForm$MH+0x0000029a819bc800'
Event: 598.168 Thread 0x0000029af611c9b0 Unloading class 0x0000029a814f1800 'java/lang/invoke/LambdaForm$MH+0x0000029a814f1800'
Event: 598.168 Thread 0x0000029af611c9b0 Unloading class 0x0000029a81af8400 'java/lang/invoke/LambdaForm$MH+0x0000029a81af8400'
Event: 598.168 Thread 0x0000029af611c9b0 Unloading class 0x0000029a81b09c00 'java/lang/invoke/LambdaForm$MH+0x0000029a81b09c00'
Event: 598.168 Thread 0x0000029af611c9b0 Unloading class 0x0000029a81165000 'java/lang/invoke/LambdaForm$MH+0x0000029a81165000'
Event: 598.168 Thread 0x0000029af611c9b0 Unloading class 0x0000029a8115e400 'java/lang/invoke/LambdaForm$MH+0x0000029a8115e400'
Event: 598.168 Thread 0x0000029af611c9b0 Unloading class 0x0000029a81af4c00 'java/lang/invoke/LambdaForm$MH+0x0000029a81af4c00'

Classes redefined (0 events):
No events

Internal exceptions (20 events):
Event: 598.206 Thread 0x0000029afd9cdab0 Exception <a 'sun/nio/fs/WindowsException'{0x00000000fff6a208}> (0x00000000fff6a208) 
thrown [s\src\hotspot\share\prims\jni.cpp, line 520]
Event: 598.461 Thread 0x0000029afd9cdab0 Exception <a 'java/lang/NoClassDefFoundError'{0x0000000086c6d740}: org/flywaydb/core/Flyway> (0x0000000086c6d740) 
thrown [s\src\hotspot\share\oops\constantPool.cpp, line 873]
Event: 598.461 Thread 0x0000029afd9cdab0 Exception <a 'java/lang/NoClassDefFoundError'{0x0000000086c6dda0}: liquibase/integration/spring/SpringLiquibase> (0x0000000086c6dda0) 
thrown [s\src\hotspot\share\oops\constantPool.cpp, line 873]
Event: 598.462 Thread 0x0000029afd9cdab0 Exception <a 'java/lang/NoClassDefFoundError'{0x0000000086ca3f50}: org/jooq/DSLContext> (0x0000000086ca3f50) 
thrown [s\src\hotspot\share\oops\constantPool.cpp, line 873]
Event: 598.465 Thread 0x0000029afd9cdab0 Exception <a 'java/lang/NoClassDefFoundError'{0x0000000086b05738}: org/springframework/batch/core/repository/JobRepository> (0x0000000086b05738) 
thrown [s\src\hotspot\share\oops\constantPool.cpp, line 873]
Event: 598.465 Thread 0x0000029afd9cdab0 Exception <a 'java/lang/NoClassDefFoundError'{0x0000000086b05d90}: org/quartz/Scheduler> (0x0000000086b05d90) 
thrown [s\src\hotspot\share\oops\constantPool.cpp, line 873]
Event: 598.465 Thread 0x0000029afd9cdab0 Exception <a 'java/lang/NoClassDefFoundError'{0x0000000086b06410}: org/springframework/session/jdbc/JdbcIndexedSessionRepository> (0x0000000086b06410) 
thrown [s\src\hotspot\share\oops\constantPool.cpp, line 873]
Event: 598.531 Thread 0x0000029afd9cdab0 Exception <a 'java/io/FileNotFoundException'{0x00000000891cc2b8}> (0x00000000891cc2b8) 
thrown [s\src\hotspot\share\prims\jni.cpp, line 520]
Event: 598.570 Thread 0x0000029afd9cdab0 Exception <a 'java/io/FileNotFoundException'{0x0000000088454848}> (0x0000000088454848) 
thrown [s\src\hotspot\share\prims\jni.cpp, line 520]
Event: 598.863 Thread 0x0000029afd9cdab0 Exception <a 'java/io/FileNotFoundException'{0x00000000893e9f80}> (0x00000000893e9f80) 
thrown [s\src\hotspot\share\prims\jni.cpp, line 520]
Event: 598.864 Thread 0x0000029afd9cdab0 Exception <a 'java/io/FileNotFoundException'{0x00000000893f4218}> (0x00000000893f4218) 
thrown [s\src\hotspot\share\prims\jni.cpp, line 520]
Event: 598.996 Thread 0x0000029afd9cdab0 Exception <a 'sun/nio/fs/WindowsException'{0x0000000087a59728}> (0x0000000087a59728) 
thrown [s\src\hotspot\share\prims\jni.cpp, line 520]
Event: 599.429 Thread 0x0000029afd9cdab0 Exception <a 'java/net/BindException'{0x000000008766dda0}: Address already in use: bind> (0x000000008766dda0) 
thrown [s\src\hotspot\share\prims\jni.cpp, line 539]
Event: 601.257 Thread 0x0000029afb40ef30 Exception <a 'java/lang/NoSuchMethodError'{0x00000000873bc608}: static [B.<clinit>()V> (0x00000000873bc608) 
thrown [s\src\hotspot\share\prims\jni.cpp, line 1111]
Event: 602.923 Thread 0x0000029afb428c00 Exception <a 'java/io/IOException'{0x000000008729b148}> (0x000000008729b148) 
thrown [s\src\hotspot\share\prims\jni.cpp, line 520]
Event: 602.925 Thread 0x0000029afb428c00 Exception <a 'java/io/IOException'{0x00000000872a1f88}> (0x00000000872a1f88) 
thrown [s\src\hotspot\share\prims\jni.cpp, line 520]
Event: 602.925 Thread 0x0000029afb428c00 Exception <a 'java/net/SocketException'{0x00000000872a3f88}: Connection reset by peer: shutdown> (0x00000000872a3f88) 
thrown [s\src\hotspot\share\prims\jni.cpp, line 539]
Event: 602.930 Thread 0x0000029afb428c00 Exception <a 'java/io/IOException'{0x00000000872a55c0}> (0x00000000872a55c0) 
thrown [s\src\hotspot\share\prims\jni.cpp, line 520]
Event: 602.930 Thread 0x0000029afb428c00 Exception <a 'java/net/SocketException'{0x00000000872a7478}: Connection reset by peer: shutdown> (0x00000000872a7478) 
thrown [s\src\hotspot\share\prims\jni.cpp, line 539]
Event: 602.933 Thread 0x0000029afd9ccd90 Exception <a 'java/lang/InterruptedException'{0x00000000872e0cc0}: sleep interrupted> (0x00000000872e0cc0) 
thrown [s\src\hotspot\share\prims\jvm.cpp, line 3074]

ZGC Phase Switch (0 events):
No events

VM Operations (20 events):
Event: 598.197 Executing VM operation: G1CollectFull (System.gc()) done
Event: 598.489 Executing VM operation: G1CollectForAllocation (G1 Evacuation Pause)
Event: 598.492 Executing VM operation: G1CollectForAllocation (G1 Evacuation Pause) done
Event: 598.807 Executing VM operation: G1CollectForAllocation (G1 Evacuation Pause)
Event: 598.811 Executing VM operation: G1CollectForAllocation (G1 Evacuation Pause) done
Event: 598.842 Executing VM operation: G1PauseRemark
Event: 598.846 Executing VM operation: G1PauseRemark done
Event: 598.856 Executing VM operation: G1PauseCleanup
Event: 598.856 Executing VM operation: G1PauseCleanup done
Event: 599.131 Executing VM operation: G1CollectForAllocation (G1 Evacuation Pause)
Event: 599.134 Executing VM operation: G1CollectForAllocation (G1 Evacuation Pause) done
Event: 600.147 Executing VM operation: Cleanup
Event: 600.148 Executing VM operation: Cleanup done
Event: 601.516 Executing VM operation: HandshakeAllThreads (HandshakeForDeflation)
Event: 601.516 Executing VM operation: HandshakeAllThreads (HandshakeForDeflation) done
Event: 601.516 Executing VM operation: Cleanup
Event: 601.516 Executing VM operation: Cleanup done
Event: 601.516 Executing VM operation: RendezvousGCThreads
Event: 601.516 Executing VM operation: RendezvousGCThreads done
Event: 602.934 Executing VM operation: G1CollectFull (System.gc())

Memory protections (0 events):
No events

Nmethod flushes (20 events):
Event: 598.846 Thread 0x0000029af611c9b0 flushing  nmethod 0x0000029aee98fe90
Event: 598.846 Thread 0x0000029af611c9b0 flushing  nmethod 0x0000029aeeb1f590
Event: 598.846 Thread 0x0000029af611c9b0 flushing  nmethod 0x0000029aeedee610
Event: 598.846 Thread 0x0000029af611c9b0 flushing  nmethod 0x0000029aeedf5590
Event: 598.846 Thread 0x0000029af611c9b0 flushing  nmethod 0x0000029aeedf5990
Event: 598.846 Thread 0x0000029af611c9b0 flushing  nmethod 0x0000029aeedf7610
Event: 598.846 Thread 0x0000029af611c9b0 flushing  nmethod 0x0000029aeedf7c90
Event: 598.846 Thread 0x0000029af611c9b0 flushing  nmethod 0x0000029aeedf9090
Event: 598.846 Thread 0x0000029af611c9b0 flushing  nmethod 0x0000029aeedf9c90
Event: 598.846 Thread 0x0000029af611c9b0 flushing  nmethod 0x0000029aeedfa310
Event: 598.846 Thread 0x0000029af611c9b0 flushing  nmethod 0x0000029aeedfc410
Event: 598.846 Thread 0x0000029af611c9b0 flushing  nmethod 0x0000029aeee05890
Event: 598.846 Thread 0x0000029af611c9b0 flushing  nmethod 0x0000029aeee05d10
Event: 598.846 Thread 0x0000029af611c9b0 flushing  nmethod 0x0000029aeee06110
Event: 598.846 Thread 0x0000029af611c9b0 flushing  nmethod 0x0000029aeee06590
Event: 598.846 Thread 0x0000029af611c9b0 flushing  nmethod 0x0000029aeee0b190
Event: 598.846 Thread 0x0000029af611c9b0 flushing  nmethod 0x0000029aee305610
Event: 598.846 Thread 0x0000029af611c9b0 flushing  nmethod 0x0000029aee7c3010
Event: 598.846 Thread 0x0000029af611c9b0 flushing  nmethod 0x0000029aeedb7590
Event: 598.846 Thread 0x0000029af611c9b0 flushing  nmethod 0x0000029aeedb7a90

Events (20 events):
Event: 602.917 Thread 0x0000029afb428c00 Thread exited: 0x0000029afb428c00
Event: 602.918 Thread 0x0000029afb429290 Thread exited: 0x0000029afb429290
Event: 602.918 Thread 0x0000029afb4271c0 Thread exited: 0x0000029afb4271c0
Event: 602.918 Thread 0x0000029afd9cd420 Thread exited: 0x0000029afd9cd420
Event: 602.918 Thread 0x0000029afd9d0f30 Thread exited: 0x0000029afd9d0f30
Event: 602.918 Thread 0x0000029afd9d2970 Thread exited: 0x0000029afd9d2970
Event: 602.918 Thread 0x0000029afd9d22e0 Thread exited: 0x0000029afd9d22e0
Event: 602.918 Thread 0x0000029afd9cfb80 Thread exited: 0x0000029afd9cfb80
Event: 602.918 Thread 0x0000029afb4264a0 Thread exited: 0x0000029afb4264a0
Event: 602.918 Thread 0x0000029afd9d3690 Thread exited: 0x0000029afd9d3690
Event: 602.918 Thread 0x0000029afd9d1c50 Thread exited: 0x0000029afd9d1c50
Event: 602.918 Thread 0x0000029afd9d15c0 Thread exited: 0x0000029afd9d15c0
Event: 602.918 Thread 0x0000029afd9ce7d0 Thread exited: 0x0000029afd9ce7d0
Event: 602.922 Thread 0x0000029afb429920 Thread added: 0x0000029afb428c00
Event: 602.922 Thread 0x0000029afd9cee60 Thread exited: 0x0000029afd9cee60
Event: 602.922 Thread 0x0000029afd9ce140 Thread exited: 0x0000029afd9ce140
Event: 602.931 Thread 0x0000029afb428c00 Thread exited: 0x0000029afb428c00
Event: 602.933 Thread 0x0000029afd9cc070 Thread exited: 0x0000029afd9cc070
Event: 602.933 Thread 0x0000029afd9cf4f0 Thread exited: 0x0000029afd9cf4f0
Event: 602.933 Thread 0x0000029afd9ccd90 Thread exited: 0x0000029afd9ccd90


Dynamic libraries:
0x00007ff76e0d0000 - 0x00007ff76e0de000 	S:\adv_java\javaSoftwares\sts-4.30.0.RELEASE\plugins\org.eclipse.justj.openjdk.hotspot.jre.full.win32.x86_64_21.0.6.v20250130-0529\jre\bin\javaw.exe
0x00007ffc5db00000 - 0x00007ffc5dd66000 	C:\WINDOWS\SYSTEM32\ntdll.dll
0x00007ffc5ca90000 - 0x00007ffc5cb59000 	C:\WINDOWS\System32\KERNEL32.DLL
0x00007ffc5b390000 - 0x00007ffc5b75c000 	C:\WINDOWS\System32\KERNELBASE.dll
0x00007ffc5b050000 - 0x00007ffc5b19b000 	C:\WINDOWS\System32\ucrtbase.dll
0x00007ffc52bf0000 - 0x00007ffc52c0e000 	S:\adv_java\javaSoftwares\sts-4.30.0.RELEASE\plugins\org.eclipse.justj.openjdk.hotspot.jre.full.win32.x86_64_21.0.6.v20250130-0529\jre\bin\VCRUNTIME140.dll
0x00007ffc547b0000 - 0x00007ffc547c8000 	S:\adv_java\javaSoftwares\sts-4.30.0.RELEASE\plugins\org.eclipse.justj.openjdk.hotspot.jre.full.win32.x86_64_21.0.6.v20250130-0529\jre\bin\jli.dll
0x00007ffc5d160000 - 0x00007ffc5d32a000 	C:\WINDOWS\System32\USER32.dll
0x00007ffc46610000 - 0x00007ffc468aa000 	C:\WINDOWS\WinSxS\amd64_microsoft.windows.common-controls_6595b64144ccf1df_6.0.26100.3912_none_3e07963ce335137e\COMCTL32.dll
0x00007ffc5b760000 - 0x00007ffc5b787000 	C:\WINDOWS\System32\win32u.dll
0x00007ffc5d330000 - 0x00007ffc5d3d9000 	C:\WINDOWS\System32\msvcrt.dll
0x00007ffc5d550000 - 0x00007ffc5d57b000 	C:\WINDOWS\System32\GDI32.dll
0x00007ffc5b250000 - 0x00007ffc5b382000 	C:\WINDOWS\System32\gdi32full.dll
0x00007ffc5b1a0000 - 0x00007ffc5b243000 	C:\WINDOWS\System32\msvcp_win.dll
0x00007ffc5ba90000 - 0x00007ffc5bac0000 	C:\WINDOWS\System32\IMM32.DLL
0x00007ffc54b50000 - 0x00007ffc54b5c000 	S:\adv_java\javaSoftwares\sts-4.30.0.RELEASE\plugins\org.eclipse.justj.openjdk.hotspot.jre.full.win32.x86_64_21.0.6.v20250130-0529\jre\bin\vcruntime140_1.dll
0x00007ffc38200000 - 0x00007ffc3828d000 	S:\adv_java\javaSoftwares\sts-4.30.0.RELEASE\plugins\org.eclipse.justj.openjdk.hotspot.jre.full.win32.x86_64_21.0.6.v20250130-0529\jre\bin\msvcp140.dll
0x00007ffbe1df0000 - 0x00007ffbe2b80000 	S:\adv_java\javaSoftwares\sts-4.30.0.RELEASE\plugins\org.eclipse.justj.openjdk.hotspot.jre.full.win32.x86_64_21.0.6.v20250130-0529\jre\bin\server\jvm.dll
0x00007ffc5b940000 - 0x00007ffc5b9f2000 	C:\WINDOWS\System32\ADVAPI32.dll
0x00007ffc5d580000 - 0x00007ffc5d626000 	C:\WINDOWS\System32\sechost.dll
0x00007ffc5bd50000 - 0x00007ffc5be66000 	C:\WINDOWS\System32\RPCRT4.dll
0x00007ffc5b8c0000 - 0x00007ffc5b934000 	C:\WINDOWS\System32\WS2_32.dll
0x00007ffc5ab00000 - 0x00007ffc5ab5e000 	C:\WINDOWS\SYSTEM32\POWRPROF.dll
0x00007ffc4d1c0000 - 0x00007ffc4d1f6000 	C:\WINDOWS\SYSTEM32\WINMM.dll
0x00007ffc53680000 - 0x00007ffc5368b000 	C:\WINDOWS\SYSTEM32\VERSION.dll
0x00007ffc5aae0000 - 0x00007ffc5aaf4000 	C:\WINDOWS\SYSTEM32\UMPDC.dll
0x00007ffc59a10000 - 0x00007ffc59a2a000 	C:\WINDOWS\SYSTEM32\kernel.appcore.dll
0x00007ffc57640000 - 0x00007ffc5764a000 	S:\adv_java\javaSoftwares\sts-4.30.0.RELEASE\plugins\org.eclipse.justj.openjdk.hotspot.jre.full.win32.x86_64_21.0.6.v20250130-0529\jre\bin\jimage.dll
0x00007ffc58500000 - 0x00007ffc58741000 	C:\WINDOWS\SYSTEM32\DBGHELP.DLL
0x00007ffc5cd70000 - 0x00007ffc5d0f4000 	C:\WINDOWS\System32\combase.dll
0x00007ffc5cb70000 - 0x00007ffc5cc50000 	C:\WINDOWS\System32\OLEAUT32.dll
0x00007ffc45930000 - 0x00007ffc45969000 	C:\WINDOWS\SYSTEM32\dbgcore.DLL
0x00007ffc5b820000 - 0x00007ffc5b8b9000 	C:\WINDOWS\System32\bcryptPrimitives.dll
0x00007ffc57230000 - 0x00007ffc5724f000 	S:\adv_java\javaSoftwares\sts-4.30.0.RELEASE\plugins\org.eclipse.justj.openjdk.hotspot.jre.full.win32.x86_64_21.0.6.v20250130-0529\jre\bin\java.dll
0x00007ffc5c070000 - 0x00007ffc5c79d000 	C:\WINDOWS\System32\SHELL32.dll
0x00007ffc5ad50000 - 0x00007ffc5aec4000 	C:\WINDOWS\System32\wintypes.dll
0x00007ffc588e0000 - 0x00007ffc59136000 	C:\WINDOWS\SYSTEM32\windows.storage.dll
0x00007ffc5cc70000 - 0x00007ffc5cd5f000 	C:\WINDOWS\System32\SHCORE.dll
0x00007ffc5c9f0000 - 0x00007ffc5ca59000 	C:\WINDOWS\System32\shlwapi.dll
0x00007ffc5aba0000 - 0x00007ffc5abcf000 	C:\WINDOWS\SYSTEM32\profapi.dll
0x00007ffc54700000 - 0x00007ffc54718000 	S:\adv_java\javaSoftwares\sts-4.30.0.RELEASE\plugins\org.eclipse.justj.openjdk.hotspot.jre.full.win32.x86_64_21.0.6.v20250130-0529\jre\bin\zip.dll
0x00007ffc57560000 - 0x00007ffc57570000 	S:\adv_java\javaSoftwares\sts-4.30.0.RELEASE\plugins\org.eclipse.justj.openjdk.hotspot.jre.full.win32.x86_64_21.0.6.v20250130-0529\jre\bin\net.dll
0x00007ffc53b00000 - 0x00007ffc53c1e000 	C:\WINDOWS\SYSTEM32\WINHTTP.dll
0x00007ffc59f70000 - 0x00007ffc59fda000 	C:\WINDOWS\system32\mswsock.dll
0x00007ffc51860000 - 0x00007ffc51876000 	S:\adv_java\javaSoftwares\sts-4.30.0.RELEASE\plugins\org.eclipse.justj.openjdk.hotspot.jre.full.win32.x86_64_21.0.6.v20250130-0529\jre\bin\nio.dll
0x00007ffc57660000 - 0x00007ffc5766a000 	S:\adv_java\javaSoftwares\sts-4.30.0.RELEASE\plugins\org.eclipse.justj.openjdk.hotspot.jre.full.win32.x86_64_21.0.6.v20250130-0529\jre\bin\management.dll
0x00007ffc57650000 - 0x00007ffc5765b000 	S:\adv_java\javaSoftwares\sts-4.30.0.RELEASE\plugins\org.eclipse.justj.openjdk.hotspot.jre.full.win32.x86_64_21.0.6.v20250130-0529\jre\bin\management_ext.dll
0x00007ffc5c060000 - 0x00007ffc5c068000 	C:\WINDOWS\System32\PSAPI.DLL
0x00007ffc36a90000 - 0x00007ffc36aa8000 	C:\WINDOWS\system32\napinsp.dll
0x00007ffc59470000 - 0x00007ffc59597000 	C:\WINDOWS\SYSTEM32\DNSAPI.dll
0x00007ffc59430000 - 0x00007ffc59463000 	C:\WINDOWS\SYSTEM32\IPHLPAPI.DLL
0x00007ffc5cc60000 - 0x00007ffc5cc6a000 	C:\WINDOWS\System32\NSI.dll
0x00007ffc368a0000 - 0x00007ffc368b2000 	C:\WINDOWS\System32\winrnr.dll
0x00007ffc36970000 - 0x00007ffc369a0000 	C:\WINDOWS\system32\nlansp_c.dll
0x00007ffc36a60000 - 0x00007ffc36a80000 	C:\WINDOWS\system32\wshbth.dll
0x00007ffc51020000 - 0x00007ffc5102b000 	C:\Windows\System32\rasadhlp.dll
0x00007ffc52ae0000 - 0x00007ffc52b66000 	C:\WINDOWS\System32\fwpuclnt.dll
0x00007ffc5a240000 - 0x00007ffc5a25c000 	C:\WINDOWS\SYSTEM32\CRYPTSP.dll
0x00007ffc59970000 - 0x00007ffc599aa000 	C:\WINDOWS\system32\rsaenh.dll
0x00007ffc5a010000 - 0x00007ffc5a03b000 	C:\WINDOWS\SYSTEM32\USERENV.dll
0x00007ffc5ab70000 - 0x00007ffc5ab96000 	C:\WINDOWS\SYSTEM32\bcrypt.dll
0x00007ffc5a260000 - 0x00007ffc5a26c000 	C:\WINDOWS\SYSTEM32\CRYPTBASE.dll
0x00007ffc51850000 - 0x00007ffc51859000 	S:\adv_java\javaSoftwares\sts-4.30.0.RELEASE\plugins\org.eclipse.justj.openjdk.hotspot.jre.full.win32.x86_64_21.0.6.v20250130-0529\jre\bin\extnet.dll
0x00007ffc57220000 - 0x00007ffc5722e000 	S:\adv_java\javaSoftwares\sts-4.30.0.RELEASE\plugins\org.eclipse.justj.openjdk.hotspot.jre.full.win32.x86_64_21.0.6.v20250130-0529\jre\bin\sunmscapi.dll
0x00007ffc5aed0000 - 0x00007ffc5b047000 	C:\WINDOWS\System32\CRYPT32.dll
0x00007ffc5a470000 - 0x00007ffc5a4a0000 	C:\WINDOWS\SYSTEM32\ncrypt.dll
0x00007ffc5a420000 - 0x00007ffc5a45f000 	C:\WINDOWS\SYSTEM32\NTASN1.dll
0x00007ffc57260000 - 0x00007ffc57270000 	S:\adv_java\javaSoftwares\sts-4.30.0.RELEASE\plugins\org.eclipse.justj.openjdk.hotspot.jre.full.win32.x86_64_21.0.6.v20250130-0529\jre\bin\verify.dll
0x00007ffc51a60000 - 0x00007ffc51a68000 	C:\WINDOWS\system32\wshunix.dll

dbghelp: loaded successfully - version: 4.0.5 - missing functions: none
symbol engine: initialized successfully - sym options: 0x614 - pdb path: .;S:\adv_java\javaSoftwares\sts-4.30.0.RELEASE\plugins\org.eclipse.justj.openjdk.hotspot.jre.full.win32.x86_64_21.0.6.v20250130-0529\jre\bin;C:\WINDOWS\SYSTEM32;C:\WINDOWS\WinSxS\amd64_microsoft.windows.common-controls_6595b64144ccf1df_6.0.26100.3912_none_3e07963ce335137e;S:\adv_java\javaSoftwares\sts-4.30.0.RELEASE\plugins\org.eclipse.justj.openjdk.hotspot.jre.full.win32.x86_64_21.0.6.v20250130-0529\jre\bin\server

VM Arguments:
jvm_args: -Dcom.sun.management.jmxremote -Dcom.sun.management.jmxremote.port=13243 -Dcom.sun.management.jmxremote.authenticate=false -Dcom.sun.management.jmxremote.ssl=false -Djava.rmi.server.hostname=localhost -Dspring.jmx.enabled=true -Dmanagement.endpoints.jmx.exposure.include=* -Dspring.application.admin.enabled=true -Dspring.output.ansi.enabled=always -XX:TieredStopAtLevel=1 -Dspring.boot.project.name=appointment-consultation-service -Dfile.encoding=UTF-8 -Dstdout.encoding=UTF-8 -Dstderr.encoding=UTF-8 -XX:+ShowCodeDetailsInExceptionMessages 
java_command: com.healthcare.appointment.AppointmentConsultationServiceApplication
java_class_path (initial): S:\Ash\appointment-consultation-service\target\classes;C:\Users\suraj\.m2\repository\org\springframework\boot\spring-boot-starter-websocket\3.5.4\spring-boot-starter-websocket-3.5.4.jar;C:\Users\suraj\.m2\repository\org\springframework\spring-messaging\6.2.9\spring-messaging-6.2.9.jar;C:\Users\suraj\.m2\repository\org\springframework\spring-websocket\6.2.9\spring-websocket-6.2.9.jar;C:\Users\suraj\.m2\repository\org\springframework\boot\spring-boot-starter-data-jpa\3.5.4\spring-boot-starter-data-jpa-3.5.4.jar;C:\Users\suraj\.m2\repository\org\springframework\boot\spring-boot-starter\3.5.4\spring-boot-starter-3.5.4.jar;C:\Users\suraj\.m2\repository\org\springframework\boot\spring-boot-starter-logging\3.5.4\spring-boot-starter-logging-3.5.4.jar;C:\Users\suraj\.m2\repository\ch\qos\logback\logback-classic\1.5.18\logback-classic-1.5.18.jar;C:\Users\suraj\.m2\repository\ch\qos\logback\logback-core\1.5.18\logback-core-1.5.18.jar;C:\Users\suraj\.m2\repository\org\apache\logging\log4j\log4j-to-slf4j\2.24.3\log4j-to-slf4j-2.24.3.jar;C:\Users\suraj\.m2\repository\org\apache\logging\log4j\log4j-api\2.24.3\log4j-api-2.24.3.jar;C:\Users\suraj\.m2\repository\org\slf4j\jul-to-slf4j\2.0.17\jul-to-slf4j-2.0.17.jar;C:\Users\suraj\.m2\repository\jakarta\annotation\jakarta.annotation-api\2.1.1\jakarta.annotation-api-2.1.1.jar;C:\Users\suraj\.m2\repository\org\yaml\snakeyaml\2.4\snakeyaml-2.4.jar;C:\Users\suraj\.m2\repository\org\springframework\boot\spring-boot-starter-jdbc\3.5.4\spring-boot-starter-jdbc-3.5.4.jar;C:\Users\suraj\.m2\repository\com\zaxxer\HikariCP\6.3.1\HikariCP-6.3.1.jar;C:\Users\suraj\.m2\repository\org\springframework\spring-jdbc\6.2.9\spring-jdbc-6.2.9.jar;C:\Users\suraj\.m2\repository\org\hibernate\orm\hibernate-core\6.6.22.Final\hibernate-core-6.6.22.Final.jar;C:\Users\suraj\.m2\repository\jakarta\persistence\jakarta.persistence-api\3.1.0\jakarta.persistence-api-3.1.0.jar;C:\Users\suraj\.m2\repository\jakarta\transaction\jakarta.transaction-api\2.0.1\jakarta.transaction-api-2.0.1.jar;C:\Users\suraj\.m2\repository\org\jboss\logging\jboss-logging\3.6.1.Final\jboss-logging-3.6.1.Final.jar;C:\Users\suraj\.m2\repository\org\hibernate\common\hibernate-commons-annotations\7.0.3.Final\hibernate-commons-annotations-7.0.3.Final.jar;C:\Users\suraj\.m2\repository\io\smallrye\jandex\3.2.0\jandex-3.2.0.jar;C:\Users\suraj\.m2\repository\com\fasterxml\classmate\1.7.0\classmate-1.7.0.jar;C:\Users\suraj\.m2\repository\net\bytebuddy\byte-buddy\1.17.6\byte-buddy-1.17.6.jar;C:\Users\suraj\.m2\repository\org\glassfish\jaxb\jaxb-runtime\4.0.5\jaxb-runtime-4.0.5.jar;C:\Users\suraj\.m2\repository\org\glassfish\jaxb\jaxb-core\4.0.5\jaxb-core-4.0.5.jar;C:\Users\suraj\.m2\repository\org\glassfish\jaxb\txw2\4.0.5\txw2-4.0.5.jar;C:\Users\suraj\.m2\repository\com\sun\istack\istack-commons-runtime\4.1.2\istack-commons-runtime-4.1.2.jar;C:\Users\suraj\.m2\repository\jakarta\inject\jakarta.inject-api\2.0.1\jakarta.inject-api-2.0.1.jar;C:\Users\suraj\.m2\repository\org\antlr\antlr4-runtime\4.13.0\antlr4-runtime-4.13.0.jar;C:\Users\suraj\.m2\repository\org\springframework\data\spring-data-jpa\3.5.2\spring-data-jpa-3.5.2.jar;C:\Users\suraj\.m2\repository\org\springframework\data\spring-data-commons\3.5.2\spring-data-commons-3.5.2.jar;C:\Users\suraj\.m2\repository\org\springframework\spring-orm\6.2.9\spring-orm-6.2.9.jar;C:\Users\suraj\.m2\repository\org\springframework\spring-tx\6.2.9\spring-tx-6.2.9.jar;C:\Users\suraj\.m2\repository\org\slf4j\slf4j-api\2.0.17\slf4j-api-2.0.17.jar;C:\Users\suraj\.m2\repository\org\springframework\spring-aspects\6.2.9\spring-aspects-6.2.9.jar;C:\Users\suraj\.m2\repository\org\aspectj\aspectjweaver\1.9.24\aspectjweaver-1.9.24.jar;C:\Users\suraj\.m2\repository\org\springframework\boot\spring-boot-starter-security\3.5.4\spring-boot-starter-security-3.5.4.jar;C:\Users\suraj\.m2\repository\org\springframework\spring-aop\6.2.9\spring-aop-6.2.9.jar;C:\Users\suraj\.m2\repository\org\springframework\security\spring-security-config\6.5.2\spring-security-config-6.5.2.jar;C:\Users\suraj\.m2\repository\org\springframework\security\spring-security-web\6.5.2\spring-security-web-6.5.2.jar;C:\Users\suraj\.m2\repository\org\springframework\boot\spring-boot-starter-validation\3.5.4\spring-boot-starter-validation-3.5.4.jar;C:\Users\suraj\.m2\repository\org\apache\tomcat\embed\tomcat-embed-el\10.1.43\tomcat-embed-el-10.1.43.jar;C:\Users\suraj\.m2\repository\org\hibernate\validator\hibernate-validator\8.0.2.Final\hibernate-validator-8.0.2.Final.jar;C:\Users\suraj\.m2\repository\jakarta\validation\jakarta.validation-api\3.0.2\jakarta.validation-api-3.0.2.jar;C:\Users\suraj\.m2\repository\org\springframework\boot\spring-boot-starter-web\3.5.4\spring-boot-starter-web-3.5.4.jar;C:\Users\suraj\.m2\repository\org\springframework\boot\spring-boot-starter-json\3.5.4\spring-boot-starter-json-3.5.4.jar;C:\Users\suraj\.m2\repository\com\fasterxml\jackson\datatype\jackson-datatype-jdk8\2.19.2\jackson-datatype-jdk8-2.19.2.jar;C:\Users\suraj\.m2\repository\com\fasterxml\jackson\datatype\jackson-datatype-jsr310\2.19.2\jackson-datatype-jsr310-2.19.2.jar;C:\Users\suraj\.m2\repository\com\fasterxml\jackson\module\jackson-module-parameter-names\2.19.2\jackson-module-parameter-names-2.19.2.jar;C:\Users\suraj\.m2\repository\org\springframework\boot\spring-boot-starter-tomcat\3.5.4\spring-boot-starter-tomcat-3.5.4.jar;C:\Users\suraj\.m2\repository\org\apache\tomcat\embed\tomcat-embed-core\10.1.43\tomcat-embed-core-10.1.43.jar;C:\Users\suraj\.m2\repository\org\apache\tomcat\embed\tomcat-embed-websocket\10.1.43\tomcat-embed-websocket-10.1.43.jar;C:\Users\suraj\.m2\repository\org\springframework\spring-web\6.2.9\spring-web-6.2.9.jar;C:\Users\suraj\.m2\repository\io\micrometer\micrometer-observation\1.15.2\micrometer-observation-1.15.2.jar;C:\Users\suraj\.m2\repository\io\micrometer\micrometer-commons\1.15.2\micrometer-commons-1.15.2.jar;C:\Users\suraj\.m2\repository\org\springframework\spring-webmvc\6.2.9\spring-webmvc-6.2.9.jar;C:\Users\suraj\.m2\repository\org\springframework\boot\spring-boot-devtools\3.5.4\spring-boot-devtools-3.5.4.jar;C:\Users\suraj\.m2\repository\org\springframework\boot\spring-boot\3.5.4\spring-boot-3.5.4.jar;C:\Users\suraj\.m2\repository\org\springframework\boot\spring-boot-autoconfigure\3.5.4\spring-boot-autoconfigure-3.5.4.jar;C:\Users\suraj\.m2\repository\com\mysql\mysql-connector-j\9.3.0\mysql-connector-j-9.3.0.jar;C:\Users\suraj\.m2\repository\org\projectlombok\lombok\1.18.38\lombok-1.18.38.jar;C:\Users\suraj\.m2\repository\jakarta\xml\bind\jakarta.xml.bind-api\4.0.2\jakarta.xml.bind-api-4.0.2.jar;C:\Users\suraj\.m2\repository\jakarta\activation\jakarta.activation-api\2.1.3\jakarta.activation-api-2.1.3.jar;C:\Users\suraj\.m2\repository\org\springframework\spring-core\6.2.9\spring-core-6.2.9.jar;C:\Users\suraj\.m2\repository\org\springframework\spring-jcl\6.2.9\spring-jcl-6.2.9.jar;C:\Users\suraj\.m2\repository\org\springframework\security\spring-security-core\6.5.2\spring-security-core-6.5.2.jar;C:\Users\suraj\.m2\repository\org\springframework\security\spring-security-crypto\6.5.2\spring-security-crypto-6.5.2.jar;C:\Users\suraj\.m2\repository\io\jsonwebtoken\jjwt-api\0.11.5\jjwt-api-0.11.5.jar;C:\Users\suraj\.m2\repository\io\jsonwebtoken\jjwt-impl\0.11.5\jjwt-impl-0.11.5.jar;C:\Users\suraj\.m2\repository\io\jsonwebtoken\jjwt-jackson\0.11.5\jjwt-jackson-0.11.5.jar;C:\Users\suraj\.m2\repository\com\fasterxml\jackson\core\jackson-databind\2.19.2\jackson-databind-2.19.2.jar;C:\Users\suraj\.m2\repository\com\fasterxml\jackson\core\jackson-annotations\2.19.2\jackson-annotations-2.19.2.jar;C:\Users\suraj\.m2\repository\com\fasterxml\jackson\core\jackson-core\2.19.2\jackson-core-2.19.2.jar;C:\Users\suraj\.m2\repository\org\springframework\boot\spring-boot-starter-mail\3.5.4\spring-boot-starter-mail-3.5.4.jar;C:\Users\suraj\.m2\repository\org\springframework\spring-context-support\6.2.9\spring-context-support-6.2.9.jar;C:\Users\suraj\.m2\repository\org\eclipse\angus\jakarta.mail\2.0.3\jakarta.mail-2.0.3.jar;C:\Users\suraj\.m2\repository\org\eclipse\angus\angus-activation\2.0.2\angus-activation-2.0.2.jar;C:\Users\suraj\.m2\repository\org\springframework\security\spring-security-messaging\6.5.2\spring-security-messaging-6.5.2.jar;C:\Users\suraj\.m2\repository\org\springframework\spring-beans\6.2.9\spring-beans-6.2.9.jar;C:\Users\suraj\.m2\repository\org\springframework\spring-context\6.2.9\spring-context-6.2.9.jar;C:\Users\suraj\.m2\repository\org\springframework\spring-expression\6.2.9\spring-expression-6.2.9.jar;C:\Users\suraj\.m2\repository\com\itextpdf\itextpdf\5.5.13.3\itextpdf-5.5.13.3.jar
Launcher Type: SUN_STANDARD

[Global flags]
     intx CICompilerCount                          = 4                                         {product} {ergonomic}
     uint ConcGCThreads                            = 2                                         {product} {ergonomic}
     uint G1ConcRefinementThreads                  = 8                                         {product} {ergonomic}
   size_t G1HeapRegionSize                         = 1048576                                   {product} {ergonomic}
    uintx GCDrainStackTargetSize                   = 64                                        {product} {ergonomic}
   size_t InitialHeapSize                          = 130023424                                 {product} {ergonomic}
     bool ManagementServer                         = true                                      {product} {command line}
   size_t MarkStackSize                            = 4194304                                   {product} {ergonomic}
   size_t MaxHeapSize                              = 2080374784                                {product} {ergonomic}
   size_t MaxNewSize                               = 1247805440                                {product} {ergonomic}
   size_t MinHeapDeltaBytes                        = 1048576                                   {product} {ergonomic}
   size_t MinHeapSize                              = 8388608                                   {product} {ergonomic}
    uintx NonNMethodCodeHeapSize                   = 4096                                   {pd product} {ergonomic}
    uintx NonProfiledCodeHeapSize                  = 0                                      {pd product} {ergonomic}
     bool ProfileInterpreter                       = false                                  {pd product} {command line}
    uintx ProfiledCodeHeapSize                     = 0                                      {pd product} {ergonomic}
     bool ShowCodeDetailsInExceptionMessages       = true                                   {manageable} {command line}
   size_t SoftMaxHeapSize                          = 2080374784                             {manageable} {ergonomic}
     intx TieredStopAtLevel                        = 1                                         {product} {command line}
     bool UseCompressedOops                        = true                           {product lp64_product} {ergonomic}
     bool UseG1GC                                  = true                                      {product} {ergonomic}
     bool UseLargePagesIndividualAllocation        = false                                  {pd product} {ergonomic}

Logging:
Log output configuration:
 #0: stdout all=warning uptime,level,tags foldmultilines=false
 #1: stderr all=off uptime,level,tags foldmultilines=false

Environment Variables:
PATH=S:/adv_java/javaSoftwares/sts-4.30.0.RELEASE//plugins/org.eclipse.justj.openjdk.hotspot.jre.full.win32.x86_64_21.0.6.v20250130-0529/jre/bin/server;S:/adv_java/javaSoftwares/sts-4.30.0.RELEASE//plugins/org.eclipse.justj.openjdk.hotspot.jre.full.win32.x86_64_21.0.6.v20250130-0529/jre/bin;C:\Program Files\Java\jdk-11.0.16\bin;C:\Program Files\Java\jdk-21\bin;C:\Program Files\Common Files\Oracle\Java\javapath;C:\WINDOWS\system32;C:\WINDOWS;C:\WINDOWS\System32\Wbem;C:\WINDOWS\System32\WindowsPowerShell\v1.0\;C:\WINDOWS\System32\OpenSSH\;C:\xampp\php;C:\ProgramData\ComposerSetup\bin;C:\Users\suraj\AppData\Roaming\npm\node_modules\@angular\cli\;C:\ProgramData\chocolatey\bin;C:\Program Files\nodejs\;C:\Users\suraj\AppData\Roaming\npm\node_modules\@angular\cli;C:\Users\suraj\Python\Python311\;C:\Program Files\Git\cmd;C:\Program Files\dotnet\;S:\Mongo\mongosh-2.3.1-win32-x64\bin;C:\Program Files\MongoDB\Server\8.0\bin;C:\Program Files\Microsoft SQL Server\150\Tools\Binn\;C:\Program Files\Microsoft SQL Server\Client SDK\ODBC\170\Tools\Binn\;C:\Program Files (x86)\Windows Kits\10\Windows Performance Toolkit\;C:\Program Files\MySQL\MySQL Shell 8.0\bin\;C:\Users\suraj\Python\Python311\Scripts\;C:\Users\suraj\Python\Python311\;C:\Users\suraj\AppData\Local\Microsoft\WindowsApps;C:\Users\suraj\AppData\Local\Programs\Microsoft VS Code\bin;C:\Users\suraj\AppData\Roaming\Composer\vendor\bin;C:\Users\suraj\AppData\Roaming\npm;C:\Program Files\heroku\bin;C:\Users\suraj\.dotnet\tools;C:\Users\suraj\AppData\Local\Google\Cloud SDK\google-cloud-sdk\bin;C:\Program Files\Java\jdk-21;;S:\adv_java\javaSoftwares\sts-4.30.0.RELEASE;
USERNAME=suraj
OS=Windows_NT
PROCESSOR_IDENTIFIER=Intel64 Family 6 Model 126 Stepping 5, GenuineIntel
TMP=C:\Users\suraj\AppData\Local\Temp
TEMP=C:\Users\suraj\AppData\Local\Temp




Periodic native trim disabled

---------------  S Y S T E M  ---------------

OS:
 Windows 11 , 64 bit Build 26100 (10.0.26100.3912)
OS uptime: 1 days 16:31 hours
Hyper-V role detected

CPU: total 8 (initial active 8) (4 cores per cpu, 2 threads per core) family 6 model 126 stepping 5 microcode 0xa8, cx8, cmov, fxsr, ht, mmx, 3dnowpref, sse, sse2, sse3, ssse3, sse4.1, sse4.2, popcnt, lzcnt, tsc, tscinvbit, avx, avx2, aes, erms, clmul, bmi1, bmi2, adx, avx512f, avx512dq, avx512cd, avx512bw, avx512vl, sha, fma, vzeroupper, avx512_vpopcntdq, avx512_vpclmulqdq, avx512_vaes, avx512_vnni, clflush, clflushopt, avx512_vbmi2, avx512_vbmi, hv, rdtscp, rdpid, fsrm, gfni, avx512_bitalg, f16c, avx512_ifma
Processor Information for the first 8 processors :
  Max Mhz: 1190, Current Mhz: 991, Mhz Limit: 987

Memory: 4k page, system-wide physical 7930M (707M free)
TotalPageFile size 12026M (AvailPageFile size 5M)
current process WorkingSet (physical memory assigned to process): 235M, peak: 236M
current process commit charge ("private bytes"): 302M, peak: 312M

vm_info: OpenJDK 64-Bit Server VM (21.0.6+7-LTS) for windows-amd64 JRE (21.0.6+7-LTS), built on 2025-01-21T00:00:00Z by "admin" with MS VC++ 17.7 (VS2022)

END.
